2021-09-03 10:50:33 INFO::Writing function arguments to log file
2021-09-03 10:50:33 DEBUG::Function arguments
2021-09-03 10:50:33 DEBUG::Output folder: /Users/tamburif/southafrica/output/maaslin2/abx_CPLM_TSS
2021-09-03 10:50:33 DEBUG::Min Abundance: 0.000000
2021-09-03 10:50:33 DEBUG::Min Prevalence: 0.100000
2021-09-03 10:50:34 DEBUG::Normalization: TSS
2021-09-03 10:50:34 DEBUG::Transform: NONE
2021-09-03 10:50:34 DEBUG::Analysis method: CPLM
2021-09-03 10:50:34 DEBUG::Max significance: 0.250000
2021-09-03 10:50:34 DEBUG::Random effects:
2021-09-03 10:50:34 DEBUG::Fixed effects: site
2021-09-03 10:50:34 DEBUG::Correction method: BH
2021-09-03 10:50:34 DEBUG::Standardize: FALSE
2021-09-03 10:50:34 DEBUG::Cores: 1
2021-09-03 10:50:34 INFO::Verifying options selected are valid
2021-09-03 10:50:34 INFO::Determining format of input files
2021-09-03 10:50:34 INFO::Input format is data samples as columns and metadata samples as rows
2021-09-03 10:50:34 DEBUG::Transformed data so samples are rows
2021-09-03 10:50:34 DEBUG::A total of 169 samples were found in both the data and metadata
2021-09-03 10:50:34 DEBUG::Reordering data/metadata to use same sample ordering
2021-09-03 10:50:34 INFO::Formula for fixed effects: expr ~  site
2021-09-03 10:50:34 INFO::Filter data based on min abundance and min prevalence
2021-09-03 10:50:34 INFO::Total samples in data: 169
2021-09-03 10:50:34 INFO::Min samples required with min abundance for a feature not to be filtered: 16.900000
2021-09-03 10:50:34 INFO::Total filtered features: 0
2021-09-03 10:50:34 INFO::Filtered feature names from abundance and prevalence filtering:
2021-09-03 10:50:34 INFO::Total filtered features with variance filtering: 0
2021-09-03 10:50:34 INFO::Filtered feature names from variance filtering:
2021-09-03 10:50:34 INFO::Running selected normalization method: TSS
2021-09-03 10:50:34 INFO::Bypass z-score application to metadata
2021-09-03 10:50:34 INFO::Running selected transform method: NONE
2021-09-03 10:50:34 INFO::Running selected analysis method: CPLM
2021-09-03 10:50:34 INFO::Fitting model to feature number 1, patA..ARO.3000024.
2021-09-03 10:50:35 DEBUG::Summary output

Call:
model_function(formula = formula, data = dat_sub, na.action = na.exclude)

Deviance Residuals: 
     Min        1Q    Median        3Q       Max  
-0.15647  -0.15647  -0.12105   0.02419   0.45455  
            Estimate Std. Error t value Pr(>|t|)    
(Intercept)  -6.2289     0.1583 -39.350   <2e-16 ***
siteSoweto   -0.6822     0.3492  -1.954   0.0524 .  
---
Signif. codes:  0 ‘***’ 0.001 ‘**’ 0.01 ‘*’ 0.05 ‘.’ 0.1 ‘ ’ 1

Estimated dispersion parameter: 0.023836
Estimated index parameter: 1.2475 

Residual deviance: 3.7147  on 167  degrees of freedom
AIC:  -323.34 

Number of Fisher Scoring iterations:  9
2021-09-03 10:50:35 INFO::Fitting model to feature number 2, emrA..ARO.3000027.
2021-09-03 10:50:35 DEBUG::Summary output

Call:
model_function(formula = formula, data = dat_sub, na.action = na.exclude)

Deviance Residuals: 
     Min        1Q    Median        3Q       Max  
-0.29395  -0.29395  -0.17830  -0.05565   0.88094  
            Estimate Std. Error t value Pr(>|t|)    
(Intercept)  -5.8795     0.1839 -31.964  < 2e-16 ***
siteSoweto   -1.6215     0.4966  -3.265  0.00133 ** 
---
Signif. codes:  0 ‘***’ 0.001 ‘**’ 0.01 ‘*’ 0.05 ‘.’ 0.1 ‘ ’ 1

Estimated dispersion parameter: 0.087911
Estimated index parameter: 1.3834 

Residual deviance: 11.804  on 167  degrees of freedom
AIC:  -235.31 

Number of Fisher Scoring iterations:  9
2021-09-03 10:50:35 INFO::Fitting model to feature number 3, emrB..ARO.3000074.
2021-09-03 10:50:35 DEBUG::Summary output

Call:
model_function(formula = formula, data = dat_sub, na.action = na.exclude)

Deviance Residuals: 
     Min        1Q    Median        3Q       Max  
-0.13675  -0.13675  -0.10885  -0.01422   0.31189  
            Estimate Std. Error t value Pr(>|t|)    
(Intercept)  -6.8092     0.1728 -39.400   <2e-16 ***
siteSoweto   -0.6232     0.3727  -1.672   0.0964 .  
---
Signif. codes:  0 ‘***’ 0.001 ‘**’ 0.01 ‘*’ 0.05 ‘.’ 0.1 ‘ ’ 1

Estimated dispersion parameter: 0.026157
Estimated index parameter: 1.268 

Residual deviance: 3.3001  on 167  degrees of freedom
AIC:  -246.28 

Number of Fisher Scoring iterations:  9
2021-09-03 10:50:35 INFO::Fitting model to feature number 4, tetO..ARO.3000190.
2021-09-03 10:50:35 DEBUG::Summary output

Call:
model_function(formula = formula, data = dat_sub, na.action = na.exclude)

Deviance Residuals: 
    Min       1Q   Median       3Q      Max  
-1.7009  -0.4552  -0.1898   0.1666   1.4334  
            Estimate Std. Error t value Pr(>|t|)    
(Intercept) -3.58405    0.08123 -44.121   <2e-16 ***
siteSoweto   0.05254    0.14715   0.357    0.722    
---
Signif. codes:  0 ‘***’ 0.001 ‘**’ 0.01 ‘*’ 0.05 ‘.’ 0.1 ‘ ’ 1

Estimated dispersion parameter: 0.25372
Estimated index parameter: 1.7318 

Residual deviance: 49.519  on 167  degrees of freedom
AIC:  -851.38 

Number of Fisher Scoring iterations:  4
2021-09-03 10:50:35 INFO::Fitting model to feature number 5, tetQ..ARO.3000191.
2021-09-03 10:50:36 DEBUG::Summary output

Call:
model_function(formula = formula, data = dat_sub, na.action = na.exclude)

Deviance Residuals: 
     Min        1Q    Median        3Q       Max  
-1.27981  -0.38260  -0.01099   0.24255   0.88337  
            Estimate Std. Error t value Pr(>|t|)    
(Intercept) -1.51994    0.05649 -26.906  < 2e-16 ***
siteSoweto   0.47414    0.09309   5.093 9.42e-07 ***
---
Signif. codes:  0 ‘***’ 0.001 ‘**’ 0.01 ‘*’ 0.05 ‘.’ 0.1 ‘ ’ 1

Estimated dispersion parameter: 0.14706
Estimated index parameter: 1.3689 

Residual deviance: 27.598  on 167  degrees of freedom
AIC:  -172.91 

Number of Fisher Scoring iterations:  4
2021-09-03 10:50:36 INFO::Fitting model to feature number 6, tetW..ARO.3000194.
2021-09-03 10:50:36 DEBUG::Summary output

Call:
model_function(formula = formula, data = dat_sub, na.action = na.exclude)

Deviance Residuals: 
     Min        1Q    Median        3Q       Max  
-1.95041  -0.49902  -0.08368   0.33248   1.19272  
            Estimate Std. Error t value Pr(>|t|)    
(Intercept) -1.25905    0.06063 -20.766   <2e-16 ***
siteSoweto  -0.02901    0.11073  -0.262    0.794    
---
Signif. codes:  0 ‘***’ 0.001 ‘**’ 0.01 ‘*’ 0.05 ‘.’ 0.1 ‘ ’ 1

Estimated dispersion parameter: 0.32157
Estimated index parameter: 1.681 

Residual deviance: 61.03  on 167  degrees of freedom
AIC:  -122.5 

Number of Fisher Scoring iterations:  4
2021-09-03 10:50:36 INFO::Fitting model to feature number 7, tet32..ARO.3000196.
2021-09-03 10:50:36 DEBUG::Summary output

Call:
model_function(formula = formula, data = dat_sub, na.action = na.exclude)

Deviance Residuals: 
    Min       1Q   Median       3Q      Max  
-0.9410  -0.3867  -0.1358   0.1155   0.9322  
            Estimate Std. Error t value Pr(>|t|)    
(Intercept) -4.17019    0.08895 -46.885  < 2e-16 ***
siteSoweto  -0.70625    0.17902  -3.945 0.000117 ***
---
Signif. codes:  0 ‘***’ 0.001 ‘**’ 0.01 ‘*’ 0.05 ‘.’ 0.1 ‘ ’ 1

Estimated dispersion parameter: 0.15187
Estimated index parameter: 1.6083 

Residual deviance: 31.582  on 167  degrees of freedom
AIC:  -1004.9 

Number of Fisher Scoring iterations:  5
2021-09-03 10:50:36 INFO::Fitting model to feature number 8, tetX..ARO.3000205.
2021-09-03 10:50:36 DEBUG::Summary output

Call:
model_function(formula = formula, data = dat_sub, na.action = na.exclude)

Deviance Residuals: 
     Min        1Q    Median        3Q       Max  
-1.33662  -1.33291  -0.56891   0.01833   2.62633  
            Estimate Std. Error t value Pr(>|t|)    
(Intercept) -3.66333    0.17278 -21.203   <2e-16 ***
siteSoweto   0.01671    0.31391   0.053    0.958    
---
Signif. codes:  0 ‘***’ 0.001 ‘**’ 0.01 ‘*’ 0.05 ‘.’ 0.1 ‘ ’ 1

Estimated dispersion parameter: 0.71079
Estimated index parameter: 1.6673 

Residual deviance: 151.83  on 167  degrees of freedom
AIC:  -386.89 

Number of Fisher Scoring iterations:  5
2021-09-03 10:50:36 INFO::Fitting model to feature number 9, emrK..ARO.3000206.
2021-09-03 10:50:36 DEBUG::Summary output

Call:
model_function(formula = formula, data = dat_sub, na.action = na.exclude)

Deviance Residuals: 
     Min        1Q    Median        3Q       Max  
-0.28647  -0.28647  -0.21884   0.01818   0.63885  
            Estimate Std. Error t value Pr(>|t|)    
(Intercept)  -6.6333     0.1762  -37.65   <2e-16 ***
siteSoweto   -0.9500     0.3926   -2.42   0.0166 *  
---
Signif. codes:  0 ‘***’ 0.001 ‘**’ 0.01 ‘*’ 0.05 ‘.’ 0.1 ‘ ’ 1

Estimated dispersion parameter: 0.086092
Estimated index parameter: 1.433 

Residual deviance: 11.721  on 167  degrees of freedom
AIC:  -329.16 

Number of Fisher Scoring iterations:  9
2021-09-03 10:50:36 INFO::Fitting model to feature number 10, acrB..ARO.3000216.
2021-09-03 10:50:36 DEBUG::Summary output

Call:
model_function(formula = formula, data = dat_sub, na.action = na.exclude)

Deviance Residuals: 
     Min        1Q    Median        3Q       Max  
-0.19331  -0.19331  -0.14912  -0.02806   0.57704  
            Estimate Std. Error t value Pr(>|t|)    
(Intercept)  -5.5664     0.1789 -31.122   <2e-16 ***
siteSoweto   -0.6800     0.3954  -1.719   0.0874 .  
---
Signif. codes:  0 ‘***’ 0.001 ‘**’ 0.01 ‘*’ 0.05 ‘.’ 0.1 ‘ ’ 1

Estimated dispersion parameter: 0.054189
Estimated index parameter: 1.2365 

Residual deviance: 6.7767  on 167  degrees of freedom
AIC:  -122.89 

Number of Fisher Scoring iterations:  8
2021-09-03 10:50:36 INFO::Fitting model to feature number 11, TolC..ARO.3000237.
2021-09-03 10:50:36 DEBUG::Summary output

Call:
model_function(formula = formula, data = dat_sub, na.action = na.exclude)

Deviance Residuals: 
     Min        1Q    Median        3Q       Max  
-0.26213  -0.26213  -0.16797   0.04814   0.51472  
            Estimate Std. Error t value Pr(>|t|)    
(Intercept)  -6.0900     0.1390 -43.807   <2e-16 ***
siteSoweto   -0.4202     0.2785  -1.509    0.133    
---
Signif. codes:  0 ‘***’ 0.001 ‘**’ 0.01 ‘*’ 0.05 ‘.’ 0.1 ‘ ’ 1

Estimated dispersion parameter: 0.045326
Estimated index parameter: 1.3705 

Residual deviance: 8.1963  on 167  degrees of freedom
AIC:  -539.47 

Number of Fisher Scoring iterations:  8
2021-09-03 10:50:36 INFO::Fitting model to feature number 12, emrY..ARO.3000254.
2021-09-03 10:50:37 DEBUG::Summary output

Call:
model_function(formula = formula, data = dat_sub, na.action = na.exclude)

Deviance Residuals: 
    Min       1Q   Median       3Q      Max  
-0.1865  -0.1865  -0.1105  -0.1105   0.4220  
            Estimate Std. Error t value Pr(>|t|)    
(Intercept)  -6.8431     0.1779 -38.467  < 2e-16 ***
siteSoweto   -1.6012     0.4902  -3.266  0.00132 ** 
---
Signif. codes:  0 ‘***’ 0.001 ‘**’ 0.01 ‘*’ 0.05 ‘.’ 0.1 ‘ ’ 1

Estimated dispersion parameter: 0.049417
Estimated index parameter: 1.3459 

Residual deviance: 5.4901  on 167  degrees of freedom
AIC:  -210.46 

Number of Fisher Scoring iterations:  10
2021-09-03 10:50:37 INFO::Fitting model to feature number 13, marA..ARO.3000263.
2021-09-03 10:50:37 DEBUG::Summary output

Call:
model_function(formula = formula, data = dat_sub, na.action = na.exclude)

Deviance Residuals: 
     Min        1Q    Median        3Q       Max  
-0.22606  -0.22606  -0.15221   0.01815   0.58015  
            Estimate Std. Error t value Pr(>|t|)    
(Intercept)  -5.5555     0.1513 -36.728  < 2e-16 ***
siteSoweto   -1.0998     0.3737  -2.943  0.00371 ** 
---
Signif. codes:  0 ‘***’ 0.001 ‘**’ 0.01 ‘*’ 0.05 ‘.’ 0.1 ‘ ’ 1

Estimated dispersion parameter: 0.045308
Estimated index parameter: 1.2806 

Residual deviance: 6.8395  on 167  degrees of freedom
AIC:  -269.03 

Number of Fisher Scoring iterations:  8
2021-09-03 10:50:37 INFO::Fitting model to feature number 14, emrD..ARO.3000309.
2021-09-03 10:50:37 DEBUG::Summary output

Call:
model_function(formula = formula, data = dat_sub, na.action = na.exclude)

Deviance Residuals: 
     Min        1Q    Median        3Q       Max  
-0.13107  -0.13107  -0.13107  -0.06765   0.38264  
            Estimate Std. Error t value Pr(>|t|)    
(Intercept)  -5.8266     0.1791 -32.540  < 2e-16 ***
siteSoweto   -1.5647     0.5572  -2.808  0.00558 ** 
---
Signif. codes:  0 ‘***’ 0.001 ‘**’ 0.01 ‘*’ 0.05 ‘.’ 0.1 ‘ ’ 1

Estimated dispersion parameter: 0.027522
Estimated index parameter: 1.1547 

Residual deviance: 3.1304  on 167  degrees of freedom
AIC:  -105.47 

Number of Fisher Scoring iterations:  9
2021-09-03 10:50:37 INFO::Fitting model to feature number 15, mphA..ARO.3000316.
2021-09-03 10:50:37 DEBUG::Summary output

Call:
model_function(formula = formula, data = dat_sub, na.action = na.exclude)

Deviance Residuals: 
    Min       1Q   Median       3Q      Max  
-0.5362  -0.5362  -0.5037  -0.5037   2.0172  
            Estimate Std. Error t value Pr(>|t|)    
(Intercept)  -8.0767     0.3913 -20.639   <2e-16 ***
siteSoweto    0.3328     0.6824   0.488    0.626    
---
Signif. codes:  0 ‘***’ 0.001 ‘**’ 0.01 ‘*’ 0.05 ‘.’ 0.1 ‘ ’ 1

Estimated dispersion parameter: 0.70364
Estimated index parameter: 1.6234 

Residual deviance: 52.369  on 167  degrees of freedom
AIC:  -148.46 

Number of Fisher Scoring iterations:  10
2021-09-03 10:50:37 INFO::Fitting model to feature number 16, ErmB..ARO.3000375.
2021-09-03 10:50:37 DEBUG::Summary output

Call:
model_function(formula = formula, data = dat_sub, na.action = na.exclude)

Deviance Residuals: 
    Min       1Q   Median       3Q      Max  
-0.5911  -0.4050  -0.4050  -0.1411   2.1539  
            Estimate Std. Error t value Pr(>|t|)    
(Intercept)  -7.2863     0.3255 -22.383  < 2e-16 ***
siteSoweto    1.6717     0.4702   3.555 0.000492 ***
---
Signif. codes:  0 ‘***’ 0.001 ‘**’ 0.01 ‘*’ 0.05 ‘.’ 0.1 ‘ ’ 1

Estimated dispersion parameter: 0.31178
Estimated index parameter: 1.5479 

Residual deviance: 37.62  on 167  degrees of freedom
AIC:  -233.79 

Number of Fisher Scoring iterations:  9
2021-09-03 10:50:37 INFO::Fitting model to feature number 17, sul1..ARO.3000410.
2021-09-03 10:50:37 DEBUG::Summary output

Call:
model_function(formula = formula, data = dat_sub, na.action = na.exclude)

Deviance Residuals: 
    Min       1Q   Median       3Q      Max  
-0.2672  -0.2672  -0.2672  -0.2545   1.1401  
            Estimate Std. Error t value Pr(>|t|)    
(Intercept)  -7.9123     0.3422 -23.119   <2e-16 ***
siteSoweto   -0.1920     0.6449  -0.298    0.766    
---
Signif. codes:  0 ‘***’ 0.001 ‘**’ 0.01 ‘*’ 0.05 ‘.’ 0.1 ‘ ’ 1

Estimated dispersion parameter: 0.21683
Estimated index parameter: 1.493 

Residual deviance: 15.707  on 167  degrees of freedom
AIC:  -107.22 

Number of Fisher Scoring iterations:  10
2021-09-03 10:50:37 INFO::Fitting model to feature number 18, sul2..ARO.3000412.
2021-09-03 10:50:38 DEBUG::Summary output

Call:
model_function(formula = formula, data = dat_sub, na.action = na.exclude)

Deviance Residuals: 
     Min        1Q    Median        3Q       Max  
-0.65860  -0.65860  -0.48694  -0.04424   1.93894  
            Estimate Std. Error t value Pr(>|t|)    
(Intercept)  -5.3900     0.2218 -24.302   <2e-16 ***
siteSoweto   -1.2340     0.4943  -2.496   0.0135 *  
---
Signif. codes:  0 ‘***’ 0.001 ‘**’ 0.01 ‘*’ 0.05 ‘.’ 0.1 ‘ ’ 1

Estimated dispersion parameter: 0.27335
Estimated index parameter: 1.5629 

Residual deviance: 47.814  on 167  degrees of freedom
AIC:  -444.85 

Number of Fisher Scoring iterations:  8
2021-09-03 10:50:38 INFO::Fitting model to feature number 19, acrD..ARO.3000491.
2021-09-03 10:50:38 DEBUG::Summary output

Call:
model_function(formula = formula, data = dat_sub, na.action = na.exclude)

Deviance Residuals: 
     Min        1Q    Median        3Q       Max  
-0.20583  -0.20583  -0.14191   0.02865   0.44001  
            Estimate Std. Error t value Pr(>|t|)    
(Intercept)  -5.2131     0.1489 -35.007   <2e-16 ***
siteSoweto   -0.9465     0.3607  -2.624   0.0095 ** 
---
Signif. codes:  0 ‘***’ 0.001 ‘**’ 0.01 ‘*’ 0.05 ‘.’ 0.1 ‘ ’ 1

Estimated dispersion parameter: 0.045338
Estimated index parameter: 1.2143 

Residual deviance: 6.4669  on 167  degrees of freedom
AIC:  -170.85 

Number of Fisher Scoring iterations:  8
2021-09-03 10:50:38 INFO::Fitting model to feature number 20, ErmF..ARO.3000498.
2021-09-03 10:50:38 DEBUG::Summary output

Call:
model_function(formula = formula, data = dat_sub, na.action = na.exclude)

Deviance Residuals: 
    Min       1Q   Median       3Q      Max  
-1.2411  -0.7659  -0.3018   0.2465   1.4159  
            Estimate Std. Error t value Pr(>|t|)    
(Intercept)  -2.8555     0.1071 -26.650   <2e-16 ***
siteSoweto   -0.5330     0.2109  -2.528   0.0124 *  
---
Signif. codes:  0 ‘***’ 0.001 ‘**’ 0.01 ‘*’ 0.05 ‘.’ 0.1 ‘ ’ 1

Estimated dispersion parameter: 0.39257
Estimated index parameter: 1.5934 

Residual deviance: 85.899  on 167  degrees of freedom
AIC:  -383.59 

Number of Fisher Scoring iterations:  4
2021-09-03 10:50:38 INFO::Fitting model to feature number 21, AcrE..ARO.3000499.
2021-09-03 10:50:38 DEBUG::Summary output

Call:
model_function(formula = formula, data = dat_sub, na.action = na.exclude)

Deviance Residuals: 
    Min       1Q   Median       3Q      Max  
-0.1512  -0.1512  -0.1512  -0.1131   0.4899  
            Estimate Std. Error t value Pr(>|t|)    
(Intercept)  -5.5240     0.1808 -30.556   <2e-16 ***
siteSoweto   -0.6908     0.4097  -1.686   0.0936 .  
---
Signif. codes:  0 ‘***’ 0.001 ‘**’ 0.01 ‘*’ 0.05 ‘.’ 0.1 ‘ ’ 1

Estimated dispersion parameter: 0.03625
Estimated index parameter: 1.1593 

Residual deviance: 4.4977  on 167  degrees of freedom
AIC:  -103.57 

Number of Fisher Scoring iterations:  8
2021-09-03 10:50:38 INFO::Fitting model to feature number 22, AcrF..ARO.3000502.
2021-09-03 10:50:38 DEBUG::Summary output

Call:
model_function(formula = formula, data = dat_sub, na.action = na.exclude)

Deviance Residuals: 
     Min        1Q    Median        3Q       Max  
-0.19957  -0.19957  -0.15523   0.03124   0.40820  
            Estimate Std. Error t value Pr(>|t|)    
(Intercept)  -6.1509     0.1511 -40.695   <2e-16 ***
siteSoweto   -0.7222     0.3320  -2.175    0.031 *  
---
Signif. codes:  0 ‘***’ 0.001 ‘**’ 0.01 ‘*’ 0.05 ‘.’ 0.1 ‘ ’ 1

Estimated dispersion parameter: 0.035333
Estimated index parameter: 1.3043 

Residual deviance: 5.6135  on 167  degrees of freedom
AIC:  -356.77 

Number of Fisher Scoring iterations:  9
2021-09-03 10:50:38 INFO::Fitting model to feature number 23, gadX..ARO.3000508.
2021-09-03 10:50:38 DEBUG::Summary output

Call:
model_function(formula = formula, data = dat_sub, na.action = na.exclude)

Deviance Residuals: 
     Min        1Q    Median        3Q       Max  
-0.24787  -0.24787  -0.21472   0.01186   0.71650  
            Estimate Std. Error t value Pr(>|t|)    
(Intercept)  -7.1204     0.1789 -39.794   <2e-16 ***
siteSoweto   -0.5050     0.3616  -1.397    0.164    
---
Signif. codes:  0 ‘***’ 0.001 ‘**’ 0.01 ‘*’ 0.05 ‘.’ 0.1 ‘ ’ 1

Estimated dispersion parameter: 0.046895
Estimated index parameter: 1.4315 

Residual deviance: 8.0167  on 167  degrees of freedom
AIC:  -608.37 

Number of Fisher Scoring iterations:  9
2021-09-03 10:50:38 INFO::Fitting model to feature number 24, emrR..ARO.3000516.
2021-09-03 10:50:38 DEBUG::Summary output

Call:
model_function(formula = formula, data = dat_sub, na.action = na.exclude)

Deviance Residuals: 
     Min        1Q    Median        3Q       Max  
-0.33143  -0.33143  -0.26832  -0.01161   0.83302  
            Estimate Std. Error t value Pr(>|t|)    
(Intercept)  -6.2418     0.1703 -36.653   <2e-16 ***
siteSoweto   -0.7567     0.3625  -2.088   0.0383 *  
---
Signif. codes:  0 ‘***’ 0.001 ‘**’ 0.01 ‘*’ 0.05 ‘.’ 0.1 ‘ ’ 1

Estimated dispersion parameter: 0.10886
Estimated index parameter: 1.4417 

Residual deviance: 15.631  on 167  degrees of freedom
AIC:  -317.1 

Number of Fisher Scoring iterations:  9
2021-09-03 10:50:38 INFO::Fitting model to feature number 25, CRP..ARO.3000518.
2021-09-03 10:50:39 DEBUG::Summary output

Call:
model_function(formula = formula, data = dat_sub, na.action = na.exclude)

Deviance Residuals: 
     Min        1Q    Median        3Q       Max  
-0.30723  -0.23655  -0.14856   0.07014   0.70122  
            Estimate Std. Error t value Pr(>|t|)    
(Intercept)  -5.5005     0.1425 -38.601   <2e-16 ***
siteSoweto   -0.8207     0.3155  -2.601   0.0101 *  
---
Signif. codes:  0 ‘***’ 0.001 ‘**’ 0.01 ‘*’ 0.05 ‘.’ 0.1 ‘ ’ 1

Estimated dispersion parameter: 0.051462
Estimated index parameter: 1.3629 

Residual deviance: 9.7719  on 167  degrees of freedom
AIC:  -540.5 

Number of Fisher Scoring iterations:  8
2021-09-03 10:50:39 INFO::Fitting model to feature number 26, tet44..ARO.3000556.
2021-09-03 10:50:39 DEBUG::Summary output

Call:
model_function(formula = formula, data = dat_sub, na.action = na.exclude)

Deviance Residuals: 
    Min       1Q   Median       3Q      Max  
-0.7589  -0.5609  -0.5126  -0.0412   3.1839  
            Estimate Std. Error t value Pr(>|t|)    
(Intercept)  -5.2777     0.2728 -19.346   <2e-16 ***
siteSoweto   -1.5869     0.6345  -2.501   0.0133 *  
---
Signif. codes:  0 ‘***’ 0.001 ‘**’ 0.01 ‘*’ 0.05 ‘.’ 0.1 ‘ ’ 1

Estimated dispersion parameter: 0.341
Estimated index parameter: 1.5935 

Residual deviance: 60.401  on 167  degrees of freedom
AIC:  -467.69 

Number of Fisher Scoring iterations:  8
2021-09-03 10:50:39 INFO::Fitting model to feature number 27, tet.40...ARO.3000567.
2021-09-03 10:50:39 DEBUG::Summary output

Call:
model_function(formula = formula, data = dat_sub, na.action = na.exclude)

Deviance Residuals: 
    Min       1Q   Median       3Q      Max  
-0.9512  -0.3789  -0.1329   0.1146   1.1100  
            Estimate Std. Error t value Pr(>|t|)    
(Intercept) -3.94080    0.09597 -41.061   <2e-16 ***
siteSoweto   0.07674    0.17273   0.444    0.657    
---
Signif. codes:  0 ‘***’ 0.001 ‘**’ 0.01 ‘*’ 0.05 ‘.’ 0.1 ‘ ’ 1

Estimated dispersion parameter: 0.1554
Estimated index parameter: 1.5739 

Residual deviance: 31.961  on 167  degrees of freedom
AIC:  -838.35 

Number of Fisher Scoring iterations:  4
2021-09-03 10:50:39 INFO::Fitting model to feature number 28, CcrA.beta.lactamase..ARO.3000578.
2021-09-03 10:50:39 DEBUG::Summary output

Call:
model_function(formula = formula, data = dat_sub, na.action = na.exclude)

Deviance Residuals: 
    Min       1Q   Median       3Q      Max  
-0.3136  -0.3136  -0.3136  -0.2422   1.1493  
            Estimate Std. Error t value Pr(>|t|)    
(Intercept)  -7.8228     0.3183 -24.578   <2e-16 ***
siteSoweto   -1.0787     0.7031  -1.534    0.127    
---
Signif. codes:  0 ‘***’ 0.001 ‘**’ 0.01 ‘*’ 0.05 ‘.’ 0.1 ‘ ’ 1

Estimated dispersion parameter: 0.32422
Estimated index parameter: 1.5208 

Residual deviance: 19.522  on 167  degrees of freedom
AIC:  -79.639 

Number of Fisher Scoring iterations:  11
2021-09-03 10:50:39 INFO::Fitting model to feature number 29, mefA..ARO.3000615.
2021-09-03 10:50:39 DEBUG::Summary output

Call:
model_function(formula = formula, data = dat_sub, na.action = na.exclude)

Deviance Residuals: 
     Min        1Q    Median        3Q       Max  
-0.48986  -0.44594  -0.44594   0.01822   1.59157  
            Estimate Std. Error t value Pr(>|t|)    
(Intercept)  -5.8253     0.2304 -25.285   <2e-16 ***
siteSoweto    0.3674     0.3935   0.934    0.352    
---
Signif. codes:  0 ‘***’ 0.001 ‘**’ 0.01 ‘*’ 0.05 ‘.’ 0.1 ‘ ’ 1

Estimated dispersion parameter: 0.18917
Estimated index parameter: 1.4886 

Residual deviance: 30.842  on 167  degrees of freedom
AIC:  -328.8 

Number of Fisher Scoring iterations:  7
2021-09-03 10:50:39 INFO::Fitting model to feature number 30, AcrS..ARO.3000656.
2021-09-03 10:50:39 DEBUG::Summary output

Call:
model_function(formula = formula, data = dat_sub, na.action = na.exclude)

Deviance Residuals: 
     Min        1Q    Median        3Q       Max  
-0.11896  -0.11896  -0.07658  -0.02708   0.43009  
            Estimate Std. Error t value Pr(>|t|)    
(Intercept)  -6.7072     0.1895 -35.395   <2e-16 ***
siteSoweto   -1.1354     0.4862  -2.335   0.0207 *  
---
Signif. codes:  0 ‘***’ 0.001 ‘**’ 0.01 ‘*’ 0.05 ‘.’ 0.1 ‘ ’ 1

Estimated dispersion parameter: 0.01911
Estimated index parameter: 1.224 

Residual deviance: 2.4403  on 167  degrees of freedom
AIC:  -222.79 

Number of Fisher Scoring iterations:  10
2021-09-03 10:50:39 INFO::Fitting model to feature number 31, H.NS..ARO.3000676.
2021-09-03 10:50:40 DEBUG::Summary output

Call:
model_function(formula = formula, data = dat_sub, na.action = na.exclude)

Deviance Residuals: 
     Min        1Q    Median        3Q       Max  
-0.07271  -0.07271  -0.07271  -0.04600   0.26362  
            Estimate Std. Error t value Pr(>|t|)    
(Intercept)  -7.5846     0.2131 -35.591   <2e-16 ***
siteSoweto   -1.1300     0.5549  -2.037   0.0433 *  
---
Signif. codes:  0 ‘***’ 0.001 ‘**’ 0.01 ‘*’ 0.05 ‘.’ 0.1 ‘ ’ 1

Estimated dispersion parameter: 0.011622
Estimated index parameter: 1.1897 

Residual deviance: 1.108  on 167  degrees of freedom
AIC:  -158.2 

Number of Fisher Scoring iterations:  10
2021-09-03 10:50:40 INFO::Fitting model to feature number 32, mdtA..ARO.3000792.
2021-09-03 10:50:40 DEBUG::Summary output

Call:
model_function(formula = formula, data = dat_sub, na.action = na.exclude)

Deviance Residuals: 
    Min       1Q   Median       3Q      Max  
-0.1418  -0.1418  -0.1014  -0.0114   0.4718  
            Estimate Std. Error t value Pr(>|t|)    
(Intercept)  -6.1646     0.1829 -33.696   <2e-16 ***
siteSoweto   -0.8548     0.4301  -1.987   0.0485 *  
---
Signif. codes:  0 ‘***’ 0.001 ‘**’ 0.01 ‘*’ 0.05 ‘.’ 0.1 ‘ ’ 1

Estimated dispersion parameter: 0.028005
Estimated index parameter: 1.2146 

Residual deviance: 3.5571  on 167  degrees of freedom
AIC:  -182.34 

Number of Fisher Scoring iterations:  9
2021-09-03 10:50:40 INFO::Fitting model to feature number 33, mdtB..ARO.3000793.
2021-09-03 10:50:40 DEBUG::Summary output

Call:
model_function(formula = formula, data = dat_sub, na.action = na.exclude)

Deviance Residuals: 
     Min        1Q    Median        3Q       Max  
-0.14401  -0.14401  -0.07355  -0.07355   0.39319  
            Estimate Std. Error t value Pr(>|t|)    
(Intercept)  -5.6568     0.1751 -32.309  < 2e-16 ***
siteSoweto   -1.6023     0.5501  -2.913  0.00407 ** 
---
Signif. codes:  0 ‘***’ 0.001 ‘**’ 0.01 ‘*’ 0.05 ‘.’ 0.1 ‘ ’ 1

Estimated dispersion parameter: 0.027472
Estimated index parameter: 1.1612 

Residual deviance: 3.5398  on 167  degrees of freedom
AIC:  -125.19 

Number of Fisher Scoring iterations:  9
2021-09-03 10:50:40 INFO::Fitting model to feature number 34, mdtC..ARO.3000794.
2021-09-03 10:50:40 DEBUG::Summary output

Call:
model_function(formula = formula, data = dat_sub, na.action = na.exclude)

Deviance Residuals: 
     Min        1Q    Median        3Q       Max  
-0.22925  -0.22925  -0.14739  -0.04593   0.53141  
            Estimate Std. Error t value Pr(>|t|)    
(Intercept)  -5.2564     0.1689 -31.119  < 2e-16 ***
siteSoweto   -1.1816     0.4339  -2.724  0.00715 ** 
---
Signif. codes:  0 ‘***’ 0.001 ‘**’ 0.01 ‘*’ 0.05 ‘.’ 0.1 ‘ ’ 1

Estimated dispersion parameter: 0.068337
Estimated index parameter: 1.2524 

Residual deviance: 8.5902  on 167  degrees of freedom
AIC:  -109.84 

Number of Fisher Scoring iterations:  8
2021-09-03 10:50:40 INFO::Fitting model to feature number 35, mdtE..ARO.3000795.
2021-09-03 10:50:40 DEBUG::Summary output

Call:
model_function(formula = formula, data = dat_sub, na.action = na.exclude)

Deviance Residuals: 
    Min       1Q   Median       3Q      Max  
-0.3028  -0.3028  -0.2340  -0.0398   0.8407  
            Estimate Std. Error t value Pr(>|t|)    
(Intercept)  -6.0316     0.1849 -32.615   <2e-16 ***
siteSoweto   -0.8646     0.4083  -2.117   0.0357 *  
---
Signif. codes:  0 ‘***’ 0.001 ‘**’ 0.01 ‘*’ 0.05 ‘.’ 0.1 ‘ ’ 1

Estimated dispersion parameter: 0.098786
Estimated index parameter: 1.4033 

Residual deviance: 13.711  on 167  degrees of freedom
AIC:  -250.9 

Number of Fisher Scoring iterations:  9
2021-09-03 10:50:40 INFO::Fitting model to feature number 36, mdtF..ARO.3000796.
2021-09-03 10:50:41 DEBUG::Summary output

Call:
model_function(formula = formula, data = dat_sub, na.action = na.exclude)

Deviance Residuals: 
     Min        1Q    Median        3Q       Max  
-0.20499  -0.20499  -0.11698  -0.05093   0.48404  
            Estimate Std. Error t value Pr(>|t|)    
(Intercept)  -6.2559     0.1650 -37.912  < 2e-16 ***
siteSoweto   -1.6517     0.4698  -3.516 0.000564 ***
---
Signif. codes:  0 ‘***’ 0.001 ‘**’ 0.01 ‘*’ 0.05 ‘.’ 0.1 ‘ ’ 1

Estimated dispersion parameter: 0.047705
Estimated index parameter: 1.3207 

Residual deviance: 5.9535  on 167  degrees of freedom
AIC:  -236.59 

Number of Fisher Scoring iterations:  10
2021-09-03 10:50:41 INFO::Fitting model to feature number 37, robA..ARO.3000825.
2021-09-03 10:50:41 DEBUG::Summary output

Call:
model_function(formula = formula, data = dat_sub, na.action = na.exclude)

Deviance Residuals: 
    Min       1Q   Median       3Q      Max  
-0.3361  -0.3361  -0.3361  -0.2683   2.1668  
            Estimate Std. Error t value Pr(>|t|)    
(Intercept)  -7.7444     0.4840 -16.001   <2e-16 ***
siteSoweto   -0.9621     1.0417  -0.924    0.357    
---
Signif. codes:  0 ‘***’ 0.001 ‘**’ 0.01 ‘*’ 0.05 ‘.’ 0.1 ‘ ’ 1

Estimated dispersion parameter: 0.42224
Estimated index parameter: 1.5311 

Residual deviance: 23.553  on 167  degrees of freedom
AIC:  -59.943 

Number of Fisher Scoring iterations:  10
2021-09-03 10:50:41 INFO::Fitting model to feature number 38, sdiA..ARO.3000826.
2021-09-03 10:50:41 DEBUG::Summary output

Call:
model_function(formula = formula, data = dat_sub, na.action = na.exclude)

Deviance Residuals: 
     Min        1Q    Median        3Q       Max  
-0.24123  -0.24123  -0.20019   0.00676   0.79380  
            Estimate Std. Error t value Pr(>|t|)    
(Intercept)  -6.4313     0.1954 -32.906   <2e-16 ***
siteSoweto   -0.5982     0.4081  -1.466    0.145    
---
Signif. codes:  0 ‘***’ 0.001 ‘**’ 0.01 ‘*’ 0.05 ‘.’ 0.1 ‘ ’ 1

Estimated dispersion parameter: 0.062335
Estimated index parameter: 1.3765 

Residual deviance: 9.1089  on 167  degrees of freedom
AIC:  -309.34 

Number of Fisher Scoring iterations:  9
2021-09-03 10:50:41 INFO::Fitting model to feature number 39, baeR..ARO.3000828.
2021-09-03 10:50:41 DEBUG::Summary output

Call:
model_function(formula = formula, data = dat_sub, na.action = na.exclude)

Deviance Residuals: 
     Min        1Q    Median        3Q       Max  
-0.19493  -0.19493  -0.16148   0.02007   0.45972  
            Estimate Std. Error t value Pr(>|t|)    
(Intercept)  -6.3129     0.1524 -41.422   <2e-16 ***
siteSoweto   -0.5478     0.3186  -1.719   0.0874 .  
---
Signif. codes:  0 ‘***’ 0.001 ‘**’ 0.01 ‘*’ 0.05 ‘.’ 0.1 ‘ ’ 1

Estimated dispersion parameter: 0.032775
Estimated index parameter: 1.3128 

Residual deviance: 5.3424  on 167  degrees of freedom
AIC:  -402.13 

Number of Fisher Scoring iterations:  9
2021-09-03 10:50:41 INFO::Fitting model to feature number 40, baeS..ARO.3000829.
2021-09-03 10:50:41 DEBUG::Summary output

Call:
model_function(formula = formula, data = dat_sub, na.action = na.exclude)

Deviance Residuals: 
    Min       1Q   Median       3Q      Max  
-0.2208  -0.2208  -0.2208  -0.1644   0.6722  
            Estimate Std. Error t value Pr(>|t|)    
(Intercept)   -5.780      0.215 -26.888   <2e-16 ***
siteSoweto    -0.839      0.489  -1.716   0.0881 .  
---
Signif. codes:  0 ‘***’ 0.001 ‘**’ 0.01 ‘*’ 0.05 ‘.’ 0.1 ‘ ’ 1

Estimated dispersion parameter: 0.096686
Estimated index parameter: 1.2966 

Residual deviance: 9.71  on 167  degrees of freedom
AIC:  -61.698 

Number of Fisher Scoring iterations:  8
2021-09-03 10:50:41 INFO::Fitting model to feature number 41, cpxA..ARO.3000830.
2021-09-03 10:50:41 DEBUG::Summary output

Call:
model_function(formula = formula, data = dat_sub, na.action = na.exclude)

Deviance Residuals: 
     Min        1Q    Median        3Q       Max  
-0.24923  -0.24923  -0.20124  -0.05261   0.90347  
            Estimate Std. Error t value Pr(>|t|)    
(Intercept)  -5.9857     0.1993 -30.036   <2e-16 ***
siteSoweto   -0.6565     0.4250  -1.545    0.124    
---
Signif. codes:  0 ‘***’ 0.001 ‘**’ 0.01 ‘*’ 0.05 ‘.’ 0.1 ‘ ’ 1

Estimated dispersion parameter: 0.080688
Estimated index parameter: 1.3484 

Residual deviance: 10.375  on 167  degrees of freedom
AIC:  -185.63 

Number of Fisher Scoring iterations:  8
2021-09-03 10:50:41 INFO::Fitting model to feature number 42, evgA..ARO.3000832.
2021-09-03 10:50:42 DEBUG::Summary output

Call:
model_function(formula = formula, data = dat_sub, na.action = na.exclude)

Deviance Residuals: 
     Min        1Q    Median        3Q       Max  
-0.13149  -0.13149  -0.08865  -0.02063   0.37893  
            Estimate Std. Error t value Pr(>|t|)    
(Intercept)  -7.0454     0.1733 -40.662   <2e-16 ***
siteSoweto   -1.0939     0.4276  -2.558   0.0114 *  
---
Signif. codes:  0 ‘***’ 0.001 ‘**’ 0.01 ‘*’ 0.05 ‘.’ 0.1 ‘ ’ 1

Estimated dispersion parameter: 0.021336
Estimated index parameter: 1.2792 

Residual deviance: 2.7326  on 167  degrees of freedom
AIC:  -297.37 

Number of Fisher Scoring iterations:  10
2021-09-03 10:50:42 INFO::Fitting model to feature number 43, evgS..ARO.3000833.
2021-09-03 10:50:42 DEBUG::Summary output

Call:
model_function(formula = formula, data = dat_sub, na.action = na.exclude)

Deviance Residuals: 
    Min       1Q   Median       3Q      Max  
-0.1824  -0.1824  -0.1220  -0.1220   0.4693  
            Estimate Std. Error t value Pr(>|t|)    
(Intercept)  -6.3417     0.1877 -33.789   <2e-16 ***
siteSoweto   -1.1469     0.4663  -2.459   0.0149 *  
---
Signif. codes:  0 ‘***’ 0.001 ‘**’ 0.01 ‘*’ 0.05 ‘.’ 0.1 ‘ ’ 1

Estimated dispersion parameter: 0.05088
Estimated index parameter: 1.2983 

Residual deviance: 5.7371  on 167  degrees of freedom
AIC:  -158.48 

Number of Fisher Scoring iterations:  9
2021-09-03 10:50:42 INFO::Fitting model to feature number 44, mdtM..ARO.3001214.
2021-09-03 10:50:42 DEBUG::Summary output

Call:
model_function(formula = formula, data = dat_sub, na.action = na.exclude)

Deviance Residuals: 
    Min       1Q   Median       3Q      Max  
-0.1616  -0.1616  -0.1616  -0.1067   0.5698  
            Estimate Std. Error t value Pr(>|t|)    
(Intercept)  -7.3686     0.2441 -30.185   <2e-16 ***
siteSoweto   -1.2804     0.6128  -2.089   0.0382 *  
---
Signif. codes:  0 ‘***’ 0.001 ‘**’ 0.01 ‘*’ 0.05 ‘.’ 0.1 ‘ ’ 1

Estimated dispersion parameter: 0.061785
Estimated index parameter: 1.3523 

Residual deviance: 5.1426  on 167  degrees of freedom
AIC:  -114.15 

Number of Fisher Scoring iterations:  10
2021-09-03 10:50:42 INFO::Fitting model to feature number 45, mdtL..ARO.3001215.
2021-09-03 10:50:42 DEBUG::Summary output

Call:
model_function(formula = formula, data = dat_sub, na.action = na.exclude)

Deviance Residuals: 
     Min        1Q    Median        3Q       Max  
-0.27276  -0.27276  -0.19746  -0.04019   0.70834  
            Estimate Std. Error t value Pr(>|t|)    
(Intercept)  -6.3679     0.1723 -36.951  < 2e-16 ***
siteSoweto   -1.0810     0.4010  -2.696  0.00775 ** 
---
Signif. codes:  0 ‘***’ 0.001 ‘**’ 0.01 ‘*’ 0.05 ‘.’ 0.1 ‘ ’ 1

Estimated dispersion parameter: 0.07608
Estimated index parameter: 1.4023 

Residual deviance: 10.486  on 167  degrees of freedom
AIC:  -304.37 

Number of Fisher Scoring iterations:  9
2021-09-03 10:50:42 INFO::Fitting model to feature number 46, mdtH..ARO.3001216.
2021-09-03 10:50:42 DEBUG::Summary output

Call:
model_function(formula = formula, data = dat_sub, na.action = na.exclude)

Deviance Residuals: 
     Min        1Q    Median        3Q       Max  
-0.15901  -0.15901  -0.11297  -0.00682   0.40543  
            Estimate Std. Error t value Pr(>|t|)    
(Intercept)  -6.5830     0.1735 -37.944   <2e-16 ***
siteSoweto   -0.9565     0.4100  -2.333   0.0208 *  
---
Signif. codes:  0 ‘***’ 0.001 ‘**’ 0.01 ‘*’ 0.05 ‘.’ 0.1 ‘ ’ 1

Estimated dispersion parameter: 0.030812
Estimated index parameter: 1.2851 

Residual deviance: 4.085  on 167  degrees of freedom
AIC:  -257.99 

Number of Fisher Scoring iterations:  9
2021-09-03 10:50:42 INFO::Fitting model to feature number 47, MdfA..ARO.3001328.
2021-09-03 10:50:42 DEBUG::Summary output

Call:
model_function(formula = formula, data = dat_sub, na.action = na.exclude)

Deviance Residuals: 
     Min        1Q    Median        3Q       Max  
-0.18247  -0.18247  -0.12591  -0.00923   0.38584  
            Estimate Std. Error t value Pr(>|t|)    
(Intercept)  -6.9091     0.1671 -41.338  < 2e-16 ***
siteSoweto   -1.1344     0.4046  -2.804  0.00565 ** 
---
Signif. codes:  0 ‘***’ 0.001 ‘**’ 0.01 ‘*’ 0.05 ‘.’ 0.1 ‘ ’ 1

Estimated dispersion parameter: 0.035557
Estimated index parameter: 1.3458 

Residual deviance: 4.9161  on 167  degrees of freedom
AIC:  -339.35 

Number of Fisher Scoring iterations:  10
2021-09-03 10:50:42 INFO::Fitting model to feature number 48, mdtG..ARO.3001329.
2021-09-03 10:50:43 DEBUG::Summary output

Call:
model_function(formula = formula, data = dat_sub, na.action = na.exclude)

Deviance Residuals: 
     Min        1Q    Median        3Q       Max  
-0.43246  -0.43246  -0.32612   0.07884   0.97221  
            Estimate Std. Error t value Pr(>|t|)    
(Intercept)  -5.2161     0.1494 -34.922  < 2e-16 ***
siteSoweto   -1.0007     0.3363  -2.976  0.00336 ** 
---
Signif. codes:  0 ‘***’ 0.001 ‘**’ 0.01 ‘*’ 0.05 ‘.’ 0.1 ‘ ’ 1

Estimated dispersion parameter: 0.13363
Estimated index parameter: 1.4359 

Residual deviance: 22.247  on 167  degrees of freedom
AIC:  -325.71 

Number of Fisher Scoring iterations:  8
2021-09-03 10:50:43 INFO::Fitting model to feature number 49, mdtD..ARO.3001330.
2021-09-03 10:50:43 DEBUG::Summary output

Call:
model_function(formula = formula, data = dat_sub, na.action = na.exclude)

Deviance Residuals: 
     Min        1Q    Median        3Q       Max  
-0.14904  -0.14904  -0.11694   0.01548   0.35998  
            Estimate Std. Error t value Pr(>|t|)    
(Intercept)  -6.3938     0.1656 -38.619   <2e-16 ***
siteSoweto   -0.6476     0.3611  -1.793   0.0747 .  
---
Signif. codes:  0 ‘***’ 0.001 ‘**’ 0.01 ‘*’ 0.05 ‘.’ 0.1 ‘ ’ 1

Estimated dispersion parameter: 0.0262
Estimated index parameter: 1.251 

Residual deviance: 3.6971  on 167  degrees of freedom
AIC:  -264.46 

Number of Fisher Scoring iterations:  9
2021-09-03 10:50:43 INFO::Fitting model to feature number 50, TEM.211..ARO.3001388.
2021-09-03 10:50:43 DEBUG::Summary output

Call:
model_function(formula = formula, data = dat_sub, na.action = na.exclude)

Deviance Residuals: 
    Min       1Q   Median       3Q      Max  
-0.5232  -0.5232  -0.3578  -0.3578   2.4830  
            Estimate Std. Error t value Pr(>|t|)    
(Intercept)  -6.2458     0.3379 -18.483   <2e-16 ***
siteSoweto   -1.6984     0.8240  -2.061   0.0408 *  
---
Signif. codes:  0 ‘***’ 0.001 ‘**’ 0.01 ‘*’ 0.05 ‘.’ 0.1 ‘ ’ 1

Estimated dispersion parameter: 0.43839
Estimated index parameter: 1.5527 

Residual deviance: 43.827  on 167  degrees of freedom
AIC:  -139.3 

Number of Fisher Scoring iterations:  10
2021-09-03 10:50:43 INFO::Fitting model to feature number 51, OKP.B.19..ARO.3002452.
2021-09-03 10:50:43 DEBUG::Summary output

Call:
model_function(formula = formula, data = dat_sub, na.action = na.exclude)

Deviance Residuals: 
    Min       1Q   Median       3Q      Max  
-0.1575  -0.1575  -0.1575  -0.1370   0.8817  
            Estimate Std. Error t value Pr(>|t|)    
(Intercept)  -8.1359     0.3693 -22.030   <2e-16 ***
siteSoweto   -0.4641     0.7441  -0.624    0.534    
---
Signif. codes:  0 ‘***’ 0.001 ‘**’ 0.01 ‘*’ 0.05 ‘.’ 0.1 ‘ ’ 1

Estimated dispersion parameter: 0.1017
Estimated index parameter: 1.398 

Residual deviance: 6.0854  on 167  degrees of freedom
AIC:  -63.82 

Number of Fisher Scoring iterations:  10
2021-09-03 10:50:43 INFO::Fitting model to feature number 52, ANT.6..Ib..ARO.3002629.
2021-09-03 10:50:43 DEBUG::Summary output

Call:
model_function(formula = formula, data = dat_sub, na.action = na.exclude)

Deviance Residuals: 
     Min        1Q    Median        3Q       Max  
-1.14738  -1.04120  -0.44148  -0.01891   2.99377  
            Estimate Std. Error t value Pr(>|t|)    
(Intercept)  -4.7357     0.2132 -22.217   <2e-16 ***
siteSoweto    0.5539     0.3633   1.525    0.129    
---
Signif. codes:  0 ‘***’ 0.001 ‘**’ 0.01 ‘*’ 0.05 ‘.’ 0.1 ‘ ’ 1

Estimated dispersion parameter: 0.51466
Estimated index parameter: 1.6494 

Residual deviance: 106.76  on 167  degrees of freedom
AIC:  -532.62 

Number of Fisher Scoring iterations:  6
2021-09-03 10:50:43 INFO::Fitting model to feature number 53, APH.3....Ib..ARO.3002639.
2021-09-03 10:50:43 DEBUG::Summary output

Call:
model_function(formula = formula, data = dat_sub, na.action = na.exclude)

Deviance Residuals: 
    Min       1Q   Median       3Q      Max  
-0.5835  -0.5835  -0.3620  -0.1908   1.6604  
            Estimate Std. Error t value Pr(>|t|)    
(Intercept)  -5.7433     0.2179 -26.362  < 2e-16 ***
siteSoweto   -2.1305     0.5768  -3.694 0.000299 ***
---
Signif. codes:  0 ‘***’ 0.001 ‘**’ 0.01 ‘*’ 0.05 ‘.’ 0.1 ‘ ’ 1

Estimated dispersion parameter: 0.33925
Estimated index parameter: 1.5519 

Residual deviance: 44.071  on 167  degrees of freedom
AIC:  -242.16 

Number of Fisher Scoring iterations:  9
2021-09-03 10:50:43 INFO::Fitting model to feature number 54, APH.3...IIIa..ARO.3002647.
2021-09-03 10:50:44 DEBUG::Summary output

Call:
model_function(formula = formula, data = dat_sub, na.action = na.exclude)

Deviance Residuals: 
    Min       1Q   Median       3Q      Max  
-1.2519  -0.9338  -0.9338  -0.4223   5.3057  
            Estimate Std. Error t value Pr(>|t|)    
(Intercept)  -7.1395     0.6764 -10.555   <2e-16 ***
siteSoweto    2.0232     1.0230   1.978   0.0496 *  
---
Signif. codes:  0 ‘***’ 0.001 ‘**’ 0.01 ‘*’ 0.05 ‘.’ 0.1 ‘ ’ 1

Estimated dispersion parameter: 1.174
Estimated index parameter: 1.7102 

Residual deviance: 159.37  on 167  degrees of freedom
AIC:  -358.49 

Number of Fisher Scoring iterations:  9
2021-09-03 10:50:44 INFO::Fitting model to feature number 55, APH.6..Id..ARO.3002660.
2021-09-03 10:50:44 DEBUG::Summary output

Call:
model_function(formula = formula, data = dat_sub, na.action = na.exclude)

Deviance Residuals: 
     Min        1Q    Median        3Q       Max  
-0.88736  -0.66929  -0.56847  -0.01019   2.21591  
            Estimate Std. Error t value Pr(>|t|)    
(Intercept)  -5.6851     0.2076 -27.381  < 2e-16 ***
siteSoweto   -1.6169     0.4674  -3.459 0.000688 ***
---
Signif. codes:  0 ‘***’ 0.001 ‘**’ 0.01 ‘*’ 0.05 ‘.’ 0.1 ‘ ’ 1

Estimated dispersion parameter: 0.40782
Estimated index parameter: 1.6509 

Residual deviance: 76.282  on 167  degrees of freedom
AIC:  -655.97 

Number of Fisher Scoring iterations:  9
2021-09-03 10:50:44 INFO::Fitting model to feature number 56, rmtF..ARO.3002666.
2021-09-03 10:50:44 DEBUG::Summary output

Call:
model_function(formula = formula, data = dat_sub, na.action = na.exclude)

Deviance Residuals: 
    Min       1Q   Median       3Q      Max  
-0.5978  -0.5978  -0.5769  -0.5769   2.5231  
            Estimate Std. Error t value Pr(>|t|)    
(Intercept)  -7.9744     0.4446 -17.935   <2e-16 ***
siteSoweto    0.1999     0.7898   0.253      0.8    
---
Signif. codes:  0 ‘***’ 0.001 ‘**’ 0.01 ‘*’ 0.05 ‘.’ 0.1 ‘ ’ 1

Estimated dispersion parameter: 1.2845
Estimated index parameter: 1.6452 

Residual deviance: 70.555  on 167  degrees of freedom
AIC:  -77.848 

Number of Fisher Scoring iterations:  10
2021-09-03 10:50:44 INFO::Fitting model to feature number 57, msrB..ARO.3002818.
2021-09-03 10:50:44 DEBUG::Summary output

Call:
model_function(formula = formula, data = dat_sub, na.action = na.exclude)

Deviance Residuals: 
     Min        1Q    Median        3Q       Max  
-0.12169  -0.12169  -0.08170  -0.03519   0.34173  
            Estimate Std. Error t value Pr(>|t|)    
(Intercept)  -7.0286     0.1793 -39.199   <2e-16 ***
siteSoweto   -1.0757     0.4440  -2.423   0.0165 *  
---
Signif. codes:  0 ‘***’ 0.001 ‘**’ 0.01 ‘*’ 0.05 ‘.’ 0.1 ‘ ’ 1

Estimated dispersion parameter: 0.020744
Estimated index parameter: 1.2593 

Residual deviance: 2.515  on 167  degrees of freedom
AIC:  -246.52 

Number of Fisher Scoring iterations:  10
2021-09-03 10:50:44 INFO::Fitting model to feature number 58, vgaC..ARO.3002831.
2021-09-03 10:50:44 DEBUG::Summary output

Call:
model_function(formula = formula, data = dat_sub, na.action = na.exclude)

Deviance Residuals: 
    Min       1Q   Median       3Q      Max  
-0.5982  -0.5982  -0.5550  -0.1891   2.2217  
            Estimate Std. Error t value Pr(>|t|)    
(Intercept)  -6.3848     0.3030 -21.073   <2e-16 ***
siteSoweto   -0.3662     0.5818  -0.629     0.53    
---
Signif. codes:  0 ‘***’ 0.001 ‘**’ 0.01 ‘*’ 0.05 ‘.’ 0.1 ‘ ’ 1

Estimated dispersion parameter: 0.46057
Estimated index parameter: 1.5906 

Residual deviance: 57.638  on 167  degrees of freedom
AIC:  -248.24 

Number of Fisher Scoring iterations:  8
2021-09-03 10:50:44 INFO::Fitting model to feature number 59, lnuC..ARO.3002837.
2021-09-03 10:50:44 DEBUG::Summary output

Call:
model_function(formula = formula, data = dat_sub, na.action = na.exclude)

Deviance Residuals: 
    Min       1Q   Median       3Q      Max  
-0.7967  -0.4736  -0.4736  -0.2072   3.1162  
            Estimate Std. Error t value Pr(>|t|)    
(Intercept)  -8.6905     0.4514 -19.254  < 2e-16 ***
siteSoweto    2.8340     0.6085   4.657 6.51e-06 ***
---
Signif. codes:  0 ‘***’ 0.001 ‘**’ 0.01 ‘*’ 0.05 ‘.’ 0.1 ‘ ’ 1

Estimated dispersion parameter: 0.39282
Estimated index parameter: 1.6329 

Residual deviance: 51.759  on 167  degrees of freedom
AIC:  -432.82 

Number of Fisher Scoring iterations:  10
2021-09-03 10:50:44 INFO::Fitting model to feature number 60, dfrA14..ARO.3002859.
2021-09-03 10:50:45 DEBUG::Summary output

Call:
model_function(formula = formula, data = dat_sub, na.action = na.exclude)

Deviance Residuals: 
    Min       1Q   Median       3Q      Max  
-0.1473  -0.1473  -0.1473  -0.1222   0.6883  
            Estimate Std. Error t value Pr(>|t|)    
(Intercept)  -7.6310     0.2909 -26.236   <2e-16 ***
siteSoweto   -0.5770     0.6077  -0.949    0.344    
---
Signif. codes:  0 ‘***’ 0.001 ‘**’ 0.01 ‘*’ 0.05 ‘.’ 0.1 ‘ ’ 1

Estimated dispersion parameter: 0.063863
Estimated index parameter: 1.3507 

Residual deviance: 4.9845  on 167  degrees of freedom
AIC:  -94.141 

Number of Fisher Scoring iterations:  10
2021-09-03 10:50:45 INFO::Fitting model to feature number 61, dfrF..ARO.3002867.
2021-09-03 10:50:45 DEBUG::Summary output

Call:
model_function(formula = formula, data = dat_sub, na.action = na.exclude)

Deviance Residuals: 
     Min        1Q    Median        3Q       Max  
-0.59213  -0.56089  -0.20353   0.04795   1.51426  
            Estimate Std. Error t value Pr(>|t|)    
(Intercept)  -5.9688     0.1768  -33.77   <2e-16 ***
siteSoweto   -0.2508     0.3344   -0.75    0.454    
---
Signif. codes:  0 ‘***’ 0.001 ‘**’ 0.01 ‘*’ 0.05 ‘.’ 0.1 ‘ ’ 1

Estimated dispersion parameter: 0.14137
Estimated index parameter: 1.5678 

Residual deviance: 29.741  on 167  degrees of freedom
AIC:  -926.75 

Number of Fisher Scoring iterations:  8
2021-09-03 10:50:45 INFO::Fitting model to feature number 62, SAT.4..ARO.3002897.
2021-09-03 10:50:45 DEBUG::Summary output

Call:
model_function(formula = formula, data = dat_sub, na.action = na.exclude)

Deviance Residuals: 
    Min       1Q   Median       3Q      Max  
-0.8397  -0.4363  -0.4363  -0.4363   3.2645  
            Estimate Std. Error t value Pr(>|t|)    
(Intercept)  -8.9695     0.6271   -14.3  < 2e-16 ***
siteSoweto    3.5170     0.7993     4.4 1.92e-05 ***
---
Signif. codes:  0 ‘***’ 0.001 ‘**’ 0.01 ‘*’ 0.05 ‘.’ 0.1 ‘ ’ 1

Estimated dispersion parameter: 0.75153
Estimated index parameter: 1.6276 

Residual deviance: 62.347  on 167  degrees of freedom
AIC:  -150.07 

Number of Fisher Scoring iterations:  11
2021-09-03 10:50:45 INFO::Fitting model to feature number 63, vanTG..ARO.3002972.
2021-09-03 10:50:45 DEBUG::Summary output

Call:
model_function(formula = formula, data = dat_sub, na.action = na.exclude)

Deviance Residuals: 
    Min       1Q   Median       3Q      Max  
-0.3714  -0.3714  -0.3714  -0.2656   1.7383  
            Estimate Std. Error t value Pr(>|t|)    
(Intercept)  -7.0626     0.3344 -21.122   <2e-16 ***
siteSoweto   -1.3920     0.7860  -1.771   0.0784 .  
---
Signif. codes:  0 ‘***’ 0.001 ‘**’ 0.01 ‘*’ 0.05 ‘.’ 0.1 ‘ ’ 1

Estimated dispersion parameter: 0.28928
Estimated index parameter: 1.518 

Residual deviance: 24.464  on 167  degrees of freedom
AIC:  -126.44 

Number of Fisher Scoring iterations:  10
2021-09-03 10:50:45 INFO::Fitting model to feature number 64, arnA..ARO.3002985.
2021-09-03 10:50:45 DEBUG::Summary output

Call:
model_function(formula = formula, data = dat_sub, na.action = na.exclude)

Deviance Residuals: 
     Min        1Q    Median        3Q       Max  
-0.32745  -0.32745  -0.28788   0.02369   0.71523  
            Estimate Std. Error t value Pr(>|t|)    
(Intercept)  -6.4837     0.1597 -40.603   <2e-16 ***
siteSoweto   -0.4727     0.3191  -1.481     0.14    
---
Signif. codes:  0 ‘***’ 0.001 ‘**’ 0.01 ‘*’ 0.05 ‘.’ 0.1 ‘ ’ 1

Estimated dispersion parameter: 0.077766
Estimated index parameter: 1.4551 

Residual deviance: 13.412  on 167  degrees of freedom
AIC:  -542.56 

Number of Fisher Scoring iterations:  9
2021-09-03 10:50:45 INFO::Fitting model to feature number 65, bacA..ARO.3002986.
2021-09-03 10:50:45 DEBUG::Summary output

Call:
model_function(formula = formula, data = dat_sub, na.action = na.exclude)

Deviance Residuals: 
     Min        1Q    Median        3Q       Max  
-0.19942  -0.19942  -0.16412   0.02877   0.48887  
            Estimate Std. Error t value Pr(>|t|)    
(Intercept)  -5.2747     0.1657 -31.839   <2e-16 ***
siteSoweto   -0.4945     0.3481  -1.421    0.157    
---
Signif. codes:  0 ‘***’ 0.001 ‘**’ 0.01 ‘*’ 0.05 ‘.’ 0.1 ‘ ’ 1

Estimated dispersion parameter: 0.05188
Estimated index parameter: 1.2121 

Residual deviance: 7.1035  on 167  degrees of freedom
AIC:  -129.77 

Number of Fisher Scoring iterations:  7
2021-09-03 10:50:45 INFO::Fitting model to feature number 66, CblA.1..ARO.3002999.
2021-09-03 10:50:45 DEBUG::Summary output

Call:
model_function(formula = formula, data = dat_sub, na.action = na.exclude)

Deviance Residuals: 
     Min        1Q    Median        3Q       Max  
-0.93789  -0.78909  -0.58569  -0.00648   2.34416  
            Estimate Std. Error t value Pr(>|t|)    
(Intercept)  -5.7908     0.2189 -26.448  < 2e-16 ***
siteSoweto    0.9283     0.3556   2.611  0.00986 ** 
---
Signif. codes:  0 ‘***’ 0.001 ‘**’ 0.01 ‘*’ 0.05 ‘.’ 0.1 ‘ ’ 1

Estimated dispersion parameter: 0.4458
Estimated index parameter: 1.6278 

Residual deviance: 80.662  on 167  degrees of freedom
AIC:  -487.22 

Number of Fisher Scoring iterations:  7
2021-09-03 10:50:45 INFO::Fitting model to feature number 67, vanXYG..ARO.3003069.
2021-09-03 10:50:46 DEBUG::Summary output

Call:
model_function(formula = formula, data = dat_sub, na.action = na.exclude)

Deviance Residuals: 
    Min       1Q   Median       3Q      Max  
-0.3396  -0.3396  -0.3396  -0.2827   1.5720  
            Estimate Std. Error t value Pr(>|t|)    
(Intercept)  -7.0989     0.3056 -23.229   <2e-16 ***
siteSoweto   -0.7330     0.6364  -1.152    0.251    
---
Signif. codes:  0 ‘***’ 0.001 ‘**’ 0.01 ‘*’ 0.05 ‘.’ 0.1 ‘ ’ 1

Estimated dispersion parameter: 0.19431
Estimated index parameter: 1.5003 

Residual deviance: 20.504  on 167  degrees of freedom
AIC:  -199.19 

Number of Fisher Scoring iterations:  9
2021-09-03 10:50:46 INFO::Fitting model to feature number 68, CfxA6..ARO.3003097.
2021-09-03 10:50:46 DEBUG::Summary output

Call:
model_function(formula = formula, data = dat_sub, na.action = na.exclude)

Deviance Residuals: 
    Min       1Q   Median       3Q      Max  
-2.0563  -0.7417  -0.2237   0.3420   1.6595  
            Estimate Std. Error t value Pr(>|t|)    
(Intercept) -2.23755    0.08685 -25.764   <2e-16 ***
siteSoweto  -0.04008    0.15868  -0.253    0.801    
---
Signif. codes:  0 ‘***’ 0.001 ‘**’ 0.01 ‘*’ 0.05 ‘.’ 0.1 ‘ ’ 1

Estimated dispersion parameter: 0.473
Estimated index parameter: 1.739 

Residual deviance: 96.386  on 167  degrees of freedom
AIC:  -382.69 

Number of Fisher Scoring iterations:  5
2021-09-03 10:50:46 INFO::Fitting model to feature number 69, aadA25..ARO.3003197.
2021-09-03 10:50:46 DEBUG::Summary output

Call:
model_function(formula = formula, data = dat_sub, na.action = na.exclude)

Deviance Residuals: 
    Min       1Q   Median       3Q      Max  
-0.3092  -0.3092  -0.3092  -0.2771   1.3637  
            Estimate Std. Error t value Pr(>|t|)    
(Intercept)  -7.6613     0.3294  -23.26   <2e-16 ***
siteSoweto   -0.4475     0.6490   -0.69    0.491    
---
Signif. codes:  0 ‘***’ 0.001 ‘**’ 0.01 ‘*’ 0.05 ‘.’ 0.1 ‘ ’ 1

Estimated dispersion parameter: 0.23913
Estimated index parameter: 1.51 

Residual deviance: 19.346  on 167  degrees of freedom
AIC:  -132.45 

Number of Fisher Scoring iterations:  10
2021-09-03 10:50:46 INFO::Fitting model to feature number 70, FosA5..ARO.3003209.
2021-09-03 10:50:46 DEBUG::Summary output

Call:
model_function(formula = formula, data = dat_sub, na.action = na.exclude)

Deviance Residuals: 
    Min       1Q   Median       3Q      Max  
-0.3734  -0.3734  -0.3734  -0.3498   1.4285  
            Estimate Std. Error t value Pr(>|t|)    
(Intercept)  -6.8409     0.3035 -22.541   <2e-16 ***
siteSoweto   -0.2644     0.5787  -0.457    0.648    
---
Signif. codes:  0 ‘***’ 0.001 ‘**’ 0.01 ‘*’ 0.05 ‘.’ 0.1 ‘ ’ 1

Estimated dispersion parameter: 0.3095
Estimated index parameter: 1.5072 

Residual deviance: 27.792  on 167  degrees of freedom
AIC:  -111.81 

Number of Fisher Scoring iterations:  9
2021-09-03 10:50:46 INFO::Fitting model to feature number 71, Escherichia.coli.rpoB.....ARO.3003288.
2021-09-03 10:50:46 DEBUG::Summary output

Call:
model_function(formula = formula, data = dat_sub, na.action = na.exclude)

Deviance Residuals: 
    Min       1Q   Median       3Q      Max  
-0.3376  -0.3376  -0.2115   0.0771   0.7984  
            Estimate Std. Error t value Pr(>|t|)    
(Intercept)  -5.2682     0.1541  -34.19   <2e-16 ***
siteSoweto   -0.6416     0.3258   -1.97   0.0505 .  
---
Signif. codes:  0 ‘***’ 0.001 ‘**’ 0.01 ‘*’ 0.05 ‘.’ 0.1 ‘ ’ 1

Estimated dispersion parameter: 0.073145
Estimated index parameter: 1.3689 

Residual deviance: 13.404  on 167  degrees of freedom
AIC:  -408.64 

Number of Fisher Scoring iterations:  8
2021-09-03 10:50:46 INFO::Fitting model to feature number 72, Escherichia.coli.gyrB.....ARO.3003303.
2021-09-03 10:50:46 DEBUG::Summary output

Call:
model_function(formula = formula, data = dat_sub, na.action = na.exclude)

Deviance Residuals: 
     Min        1Q    Median        3Q       Max  
-0.16932  -0.16932  -0.12383   0.00702   0.50036  
            Estimate Std. Error t value Pr(>|t|)    
(Intercept)  -6.1817     0.1676 -36.879   <2e-16 ***
siteSoweto   -0.8500     0.3868  -2.197   0.0294 *  
---
Signif. codes:  0 ‘***’ 0.001 ‘**’ 0.01 ‘*’ 0.05 ‘.’ 0.1 ‘ ’ 1

Estimated dispersion parameter: 0.031994
Estimated index parameter: 1.2638 

Residual deviance: 4.5678  on 167  degrees of freedom
AIC:  -254.27 

Number of Fisher Scoring iterations:  9
2021-09-03 10:50:46 INFO::Fitting model to feature number 73, Salmonella.serovars.parE.....ARO.3003317.
2021-09-03 10:50:46 DEBUG::Summary output

Call:
model_function(formula = formula, data = dat_sub, na.action = na.exclude)

Deviance Residuals: 
     Min        1Q    Median        3Q       Max  
-0.26931  -0.26931  -0.18531  -0.00831   0.75247  
            Estimate Std. Error t value Pr(>|t|)    
(Intercept)  -4.7876     0.1702 -28.129   <2e-16 ***
siteSoweto   -0.9939     0.4129  -2.407   0.0172 *  
---
Signif. codes:  0 ‘***’ 0.001 ‘**’ 0.01 ‘*’ 0.05 ‘.’ 0.1 ‘ ’ 1

Estimated dispersion parameter: 0.081175
Estimated index parameter: 1.2477 

Residual deviance: 11.259  on 167  degrees of freedom
AIC:  -106.9 

Number of Fisher Scoring iterations:  7
2021-09-03 10:50:46 INFO::Fitting model to feature number 74, Escherichia.coli.EF.Tu.....ARO.3003369.
2021-09-03 10:50:46 DEBUG::Summary output

Call:
model_function(formula = formula, data = dat_sub, na.action = na.exclude)

Deviance Residuals: 
    Min       1Q   Median       3Q      Max  
-0.3838  -0.3838  -0.3179   0.1125   0.7213  
            Estimate Std. Error t value Pr(>|t|)    
(Intercept)  -4.2053     0.1311 -32.085   <2e-16 ***
siteSoweto   -0.5349     0.2740  -1.952   0.0526 .  
---
Signif. codes:  0 ‘***’ 0.001 ‘**’ 0.01 ‘*’ 0.05 ‘.’ 0.1 ‘ ’ 1

Estimated dispersion parameter: 0.10062
Estimated index parameter: 1.2962 

Residual deviance: 17.879  on 167  degrees of freedom
AIC:  -205.51 

Number of Fisher Scoring iterations:  6
2021-09-03 10:50:46 INFO::Fitting model to feature number 75, Klebsiella.pneumoniae.acrR.....ARO.3003373.
2021-09-03 10:50:46 DEBUG::Summary output

Call:
model_function(formula = formula, data = dat_sub, na.action = na.exclude)

Deviance Residuals: 
    Min       1Q   Median       3Q      Max  
-0.3791  -0.3791  -0.3295  -0.3295   1.2597  
            Estimate Std. Error t value Pr(>|t|)    
(Intercept)  -6.8919     0.2685 -25.670   <2e-16 ***
siteSoweto   -0.5762     0.5411  -1.065    0.289    
---
Signif. codes:  0 ‘***’ 0.001 ‘**’ 0.01 ‘*’ 0.05 ‘.’ 0.1 ‘ ’ 1

Estimated dispersion parameter: 0.25354
Estimated index parameter: 1.5134 

Residual deviance: 25.826  on 167  degrees of freedom
AIC:  -171.03 

Number of Fisher Scoring iterations:  9
2021-09-03 10:50:46 INFO::Fitting model to feature number 76, Escherichia.coli.marR.....ARO.3003378.
2021-09-03 10:50:47 DEBUG::Summary output

Call:
model_function(formula = formula, data = dat_sub, na.action = na.exclude)

Deviance Residuals: 
     Min        1Q    Median        3Q       Max  
-0.06832  -0.06832  -0.06832  -0.04111   0.21961  
            Estimate Std. Error t value Pr(>|t|)    
(Intercept)  -7.3466     0.1806 -40.684   <2e-16 ***
siteSoweto   -1.1990     0.4909  -2.442   0.0156 *  
---
Signif. codes:  0 ‘***’ 0.001 ‘**’ 0.01 ‘*’ 0.05 ‘.’ 0.1 ‘ ’ 1

Estimated dispersion parameter: 0.0080911
Estimated index parameter: 1.1526 

Residual deviance: 0.89615  on 167  degrees of freedom
AIC:  -209.18 

Number of Fisher Scoring iterations:  10
2021-09-03 10:50:47 INFO::Fitting model to feature number 77, Klebsiella.pneumoniae.ramR.....ARO.3003380.
2021-09-03 10:50:47 DEBUG::Summary output

Call:
model_function(formula = formula, data = dat_sub, na.action = na.exclude)

Deviance Residuals: 
    Min       1Q   Median       3Q      Max  
-0.5802  -0.5802  -0.5802  -0.5482   1.9453  
            Estimate Std. Error t value Pr(>|t|)    
(Intercept)  -6.5026     0.3190 -20.384   <2e-16 ***
siteSoweto   -0.2762     0.6046  -0.457    0.648    
---
Signif. codes:  0 ‘***’ 0.001 ‘**’ 0.01 ‘*’ 0.05 ‘.’ 0.1 ‘ ’ 1

Estimated dispersion parameter: 0.66191
Estimated index parameter: 1.5891 

Residual deviance: 61.939  on 167  degrees of freedom
AIC:  -122.07 

Number of Fisher Scoring iterations:  8
2021-09-03 10:50:47 INFO::Fitting model to feature number 78, Escherichia.coli.soxR.....ARO.3003381.
2021-09-03 10:50:47 DEBUG::Summary output

Call:
model_function(formula = formula, data = dat_sub, na.action = na.exclude)

Deviance Residuals: 
     Min        1Q    Median        3Q       Max  
-0.16621  -0.16621  -0.14788   0.04324   0.50875  
            Estimate Std. Error t value Pr(>|t|)    
(Intercept)  -5.6413     0.1518 -37.161   <2e-16 ***
siteSoweto   -0.2926     0.3007  -0.973    0.332    
---
Signif. codes:  0 ‘***’ 0.001 ‘**’ 0.01 ‘*’ 0.05 ‘.’ 0.1 ‘ ’ 1

Estimated dispersion parameter: 0.02864
Estimated index parameter: 1.2011 

Residual deviance: 4.5012  on 167  degrees of freedom
AIC:  -258.47 

Number of Fisher Scoring iterations:  8
2021-09-03 10:50:47 INFO::Fitting model to feature number 79, Escherichia.coli.folP.....ARO.3003386.
2021-09-03 10:50:47 DEBUG::Summary output

Call:
model_function(formula = formula, data = dat_sub, na.action = na.exclude)

Deviance Residuals: 
     Min        1Q    Median        3Q       Max  
-0.17563  -0.17563  -0.10830  -0.01303   0.46665  
            Estimate Std. Error t value Pr(>|t|)    
(Intercept)  -5.5357     0.1671 -33.127  < 2e-16 ***
siteSoweto   -1.2163     0.4448  -2.735  0.00692 ** 
---
Signif. codes:  0 ‘***’ 0.001 ‘**’ 0.01 ‘*’ 0.05 ‘.’ 0.1 ‘ ’ 1

Estimated dispersion parameter: 0.040049
Estimated index parameter: 1.2049 

Residual deviance: 5.0211  on 167  degrees of freedom
AIC:  -144.11 

Number of Fisher Scoring iterations:  8
2021-09-03 10:50:47 INFO::Fitting model to feature number 80, Escherichia.coli.ompF.....ARO.3003390.
2021-09-03 10:50:47 DEBUG::Summary output

Call:
model_function(formula = formula, data = dat_sub, na.action = na.exclude)

Deviance Residuals: 
     Min        1Q    Median        3Q       Max  
-0.22128  -0.22128  -0.16689   0.00925   0.47606  
            Estimate Std. Error t value Pr(>|t|)    
(Intercept)  -6.6733     0.1591 -41.943   <2e-16 ***
siteSoweto   -0.9011     0.3582  -2.516   0.0128 *  
---
Signif. codes:  0 ‘***’ 0.001 ‘**’ 0.01 ‘*’ 0.05 ‘.’ 0.1 ‘ ’ 1

Estimated dispersion parameter: 0.043023
Estimated index parameter: 1.3739 

Residual deviance: 6.6201  on 167  degrees of freedom
AIC:  -422.56 

Number of Fisher Scoring iterations:  9
2021-09-03 10:50:47 INFO::Fitting model to feature number 81, Escherichia.coli.soxS.....ARO.3003511.
2021-09-03 10:50:47 DEBUG::Summary output

Call:
model_function(formula = formula, data = dat_sub, na.action = na.exclude)

Deviance Residuals: 
     Min        1Q    Median        3Q       Max  
-0.22226  -0.22226  -0.18283   0.03471   0.47283  
            Estimate Std. Error t value Pr(>|t|)    
(Intercept)  -6.4537     0.1545 -41.784   <2e-16 ***
siteSoweto   -0.6084     0.3247  -1.874   0.0627 .  
---
Signif. codes:  0 ‘***’ 0.001 ‘**’ 0.01 ‘*’ 0.05 ‘.’ 0.1 ‘ ’ 1

Estimated dispersion parameter: 0.046311
Estimated index parameter: 1.3579 

Residual deviance: 7.054  on 167  degrees of freedom
AIC:  -376.2 

Number of Fisher Scoring iterations:  9
2021-09-03 10:50:47 INFO::Fitting model to feature number 82, mdtN..ARO.3003548.
2021-09-03 10:50:47 DEBUG::Summary output

Call:
model_function(formula = formula, data = dat_sub, na.action = na.exclude)

Deviance Residuals: 
     Min        1Q    Median        3Q       Max  
-0.18071  -0.18071  -0.14526   0.03579   0.58359  
            Estimate Std. Error t value Pr(>|t|)    
(Intercept)  -5.7309     0.1676 -34.199   <2e-16 ***
siteSoweto   -0.5710     0.3587  -1.592    0.113    
---
Signif. codes:  0 ‘***’ 0.001 ‘**’ 0.01 ‘*’ 0.05 ‘.’ 0.1 ‘ ’ 1

Estimated dispersion parameter: 0.037331
Estimated index parameter: 1.2352 

Residual deviance: 5.4032  on 167  degrees of freedom
AIC:  -212.02 

Number of Fisher Scoring iterations:  8
2021-09-03 10:50:47 INFO::Fitting model to feature number 83, mdtO..ARO.3003549.
2021-09-03 10:50:48 DEBUG::Summary output

Call:
model_function(formula = formula, data = dat_sub, na.action = na.exclude)

Deviance Residuals: 
     Min        1Q    Median        3Q       Max  
-0.19391  -0.19391  -0.14239  -0.01871   0.41398  
            Estimate Std. Error t value Pr(>|t|)    
(Intercept)  -6.7726     0.1779 -38.078   <2e-16 ***
siteSoweto   -0.9498     0.4091  -2.322   0.0214 *  
---
Signif. codes:  0 ‘***’ 0.001 ‘**’ 0.01 ‘*’ 0.05 ‘.’ 0.1 ‘ ’ 1

Estimated dispersion parameter: 0.045318
Estimated index parameter: 1.3497 

Residual deviance: 5.965  on 167  degrees of freedom
AIC:  -279.06 

Number of Fisher Scoring iterations:  9
2021-09-03 10:50:48 INFO::Fitting model to feature number 84, mdtP..ARO.3003550.
2021-09-03 10:50:48 DEBUG::Summary output

Call:
model_function(formula = formula, data = dat_sub, na.action = na.exclude)

Deviance Residuals: 
    Min       1Q   Median       3Q      Max  
-0.2413  -0.2413  -0.2413  -0.1354   0.7427  
            Estimate Std. Error t value Pr(>|t|)    
(Intercept)  -5.8203     0.2140 -27.194  < 2e-16 ***
siteSoweto   -1.7114     0.6183  -2.768  0.00628 ** 
---
Signif. codes:  0 ‘***’ 0.001 ‘**’ 0.01 ‘*’ 0.05 ‘.’ 0.1 ‘ ’ 1

Estimated dispersion parameter: 0.097312
Estimated index parameter: 1.3249 

Residual deviance: 9.9295  on 167  degrees of freedom
AIC:  -86.58 

Number of Fisher Scoring iterations:  9
2021-09-03 10:50:48 INFO::Fitting model to feature number 85, cepA.beta.lactamase..ARO.3003559.
2021-09-03 10:50:48 DEBUG::Summary output

Call:
model_function(formula = formula, data = dat_sub, na.action = na.exclude)

Deviance Residuals: 
    Min       1Q   Median       3Q      Max  
-0.3789  -0.3789  -0.3602  -0.3602   1.7448  
            Estimate Std. Error t value Pr(>|t|)    
(Intercept)  -5.7141     0.3263 -17.511   <2e-16 ***
siteSoweto    0.1754     0.5738   0.306     0.76    
---
Signif. codes:  0 ‘***’ 0.001 ‘**’ 0.01 ‘*’ 0.05 ‘.’ 0.1 ‘ ’ 1

Estimated dispersion parameter: 0.48019
Estimated index parameter: 1.4246 

Residual deviance: 32.704  on 167  degrees of freedom
AIC:  18.321 

Number of Fisher Scoring iterations:  7
2021-09-03 10:50:48 INFO::Fitting model to feature number 86, PmrC..ARO.3003576.
2021-09-03 10:50:48 DEBUG::Summary output

Call:
model_function(formula = formula, data = dat_sub, na.action = na.exclude)

Deviance Residuals: 
     Min        1Q    Median        3Q       Max  
-0.27512  -0.27512  -0.22611   0.01227   0.55639  
            Estimate Std. Error t value Pr(>|t|)    
(Intercept)  -6.4711     0.1617 -40.008   <2e-16 ***
siteSoweto   -0.6674     0.3403  -1.961   0.0515 .  
---
Signif. codes:  0 ‘***’ 0.001 ‘**’ 0.01 ‘*’ 0.05 ‘.’ 0.1 ‘ ’ 1

Estimated dispersion parameter: 0.06438
Estimated index parameter: 1.412 

Residual deviance: 10.214  on 167  degrees of freedom
AIC:  -428.17 

Number of Fisher Scoring iterations:  9
2021-09-03 10:50:48 INFO::Fitting model to feature number 87, PmrE..ARO.3003577.
2021-09-03 10:50:48 DEBUG::Summary output

Call:
model_function(formula = formula, data = dat_sub, na.action = na.exclude)

Deviance Residuals: 
    Min       1Q   Median       3Q      Max  
-0.1961  -0.1961  -0.1961  -0.1237   0.9127  
            Estimate Std. Error t value Pr(>|t|)    
(Intercept)  -6.6491     0.3007 -22.115   <2e-16 ***
siteSoweto   -1.4033     0.7852  -1.787   0.0757 .  
---
Signif. codes:  0 ‘***’ 0.001 ‘**’ 0.01 ‘*’ 0.05 ‘.’ 0.1 ‘ ’ 1

Estimated dispersion parameter: 0.13883
Estimated index parameter: 1.3427 

Residual deviance: 8.5348  on 167  degrees of freedom
AIC:  -19.854 

Number of Fisher Scoring iterations:  10
2021-09-03 10:50:48 INFO::Fitting model to feature number 88, PmrF..ARO.3003578.
2021-09-03 10:50:48 DEBUG::Summary output

Call:
model_function(formula = formula, data = dat_sub, na.action = na.exclude)

Deviance Residuals: 
    Min       1Q   Median       3Q      Max  
-0.2228  -0.2228  -0.1859   0.0395   0.3532  
            Estimate Std. Error t value Pr(>|t|)    
(Intercept)  -6.4242     0.1396 -46.031   <2e-16 ***
siteSoweto   -0.5617     0.2901  -1.936   0.0545 .  
---
Signif. codes:  0 ‘***’ 0.001 ‘**’ 0.01 ‘*’ 0.05 ‘.’ 0.1 ‘ ’ 1

Estimated dispersion parameter: 0.035836
Estimated index parameter: 1.3561 

Residual deviance: 6.2193  on 167  degrees of freedom
AIC:  -522.89 

Number of Fisher Scoring iterations:  9
2021-09-03 10:50:48 INFO::Fitting model to feature number 89, Klebsiella.mutant.PhoP.....ARO.3003585.
2021-09-03 10:50:49 DEBUG::Summary output

Call:
model_function(formula = formula, data = dat_sub, na.action = na.exclude)

Deviance Residuals: 
    Min       1Q   Median       3Q      Max  
-0.5252  -0.5252  -0.5121  -0.1620   1.4357  
            Estimate Std. Error t value Pr(>|t|)    
(Intercept)  -6.1835     0.2433 -25.412   <2e-16 ***
siteSoweto   -0.1124     0.4509  -0.249    0.803    
---
Signif. codes:  0 ‘***’ 0.001 ‘**’ 0.01 ‘*’ 0.05 ‘.’ 0.1 ‘ ’ 1

Estimated dispersion parameter: 0.36294
Estimated index parameter: 1.5503 

Residual deviance: 46.055  on 167  degrees of freedom
AIC:  -216.75 

Number of Fisher Scoring iterations:  8
2021-09-03 10:50:49 INFO::Fitting model to feature number 90, Escherichia.coli.nfsA.....ARO.3003751.
2021-09-03 10:50:49 DEBUG::Summary output

Call:
model_function(formula = formula, data = dat_sub, na.action = na.exclude)

Deviance Residuals: 
     Min        1Q    Median        3Q       Max  
-0.17273  -0.17273  -0.13951  -0.00477   0.47539  
            Estimate Std. Error t value Pr(>|t|)    
(Intercept)  -7.0163     0.1752 -40.055   <2e-16 ***
siteSoweto   -0.6484     0.3735  -1.736   0.0844 .  
---
Signif. codes:  0 ‘***’ 0.001 ‘**’ 0.01 ‘*’ 0.05 ‘.’ 0.1 ‘ ’ 1

Estimated dispersion parameter: 0.03138
Estimated index parameter: 1.3412 

Residual deviance: 4.6015  on 167  degrees of freedom
AIC:  -382.49 

Number of Fisher Scoring iterations:  9
2021-09-03 10:50:49 INFO::Fitting model to feature number 91, Escherichia.coli.murA.....ARO.3003775.
2021-09-03 10:50:49 DEBUG::Summary output

Call:
model_function(formula = formula, data = dat_sub, na.action = na.exclude)

Deviance Residuals: 
    Min       1Q   Median       3Q      Max  
-0.2211  -0.2211  -0.1495  -0.1495   0.7742  
            Estimate Std. Error t value Pr(>|t|)    
(Intercept)  -5.3577     0.2058 -26.035   <2e-16 ***
siteSoweto   -1.0473     0.5066  -2.067   0.0402 *  
---
Signif. codes:  0 ‘***’ 0.001 ‘**’ 0.01 ‘*’ 0.05 ‘.’ 0.1 ‘ ’ 1

Estimated dispersion parameter: 0.07935
Estimated index parameter: 1.2529 

Residual deviance: 8.9466  on 167  degrees of freedom
AIC:  -70.68 

Number of Fisher Scoring iterations:  8
2021-09-03 10:50:49 INFO::Fitting model to feature number 92, Escherichia.coli.acrR.....ARO.3003807.
2021-09-03 10:50:49 DEBUG::Summary output

Call:
model_function(formula = formula, data = dat_sub, na.action = na.exclude)

Deviance Residuals: 
     Min        1Q    Median        3Q       Max  
-0.17271  -0.17271  -0.09572  -0.04867   0.40180  
            Estimate Std. Error t value Pr(>|t|)    
(Intercept)  -6.8311     0.1715 -39.827  < 2e-16 ***
siteSoweto   -1.7525     0.5010  -3.498 0.000601 ***
---
Signif. codes:  0 ‘***’ 0.001 ‘**’ 0.01 ‘*’ 0.05 ‘.’ 0.1 ‘ ’ 1

Estimated dispersion parameter: 0.036013
Estimated index parameter: 1.3265 

Residual deviance: 4.3656  on 167  degrees of freedom
AIC:  -262.72 

Number of Fisher Scoring iterations:  10
2021-09-03 10:50:49 INFO::Fitting model to feature number 93, gadE..ARO.3003834.
2021-09-03 10:50:49 DEBUG::Summary output

Call:
model_function(formula = formula, data = dat_sub, na.action = na.exclude)

Deviance Residuals: 
     Min        1Q    Median        3Q       Max  
-0.17806  -0.17806  -0.14133   0.03445   0.42852  
            Estimate Std. Error t value Pr(>|t|)    
(Intercept)  -7.4421     0.1520 -48.972   <2e-16 ***
siteSoweto   -0.7441     0.3285  -2.265   0.0248 *  
---
Signif. codes:  0 ‘***’ 0.001 ‘**’ 0.01 ‘*’ 0.05 ‘.’ 0.1 ‘ ’ 1

Estimated dispersion parameter: 0.026499
Estimated index parameter: 1.3791 

Residual deviance: 4.2194  on 167  degrees of freedom
AIC:  -567.84 

Number of Fisher Scoring iterations:  10
2021-09-03 10:50:49 INFO::Fitting model to feature number 94, kdpE..ARO.3003841.
2021-09-03 10:50:49 DEBUG::Summary output

Call:
model_function(formula = formula, data = dat_sub, na.action = na.exclude)

Deviance Residuals: 
     Min        1Q    Median        3Q       Max  
-0.12427  -0.12427  -0.11448   0.00708   0.50343  
            Estimate Std. Error t value Pr(>|t|)    
(Intercept)  -6.6069     0.1965 -33.627   <2e-16 ***
siteSoweto   -0.2117     0.3793  -0.558    0.577    
---
Signif. codes:  0 ‘***’ 0.001 ‘**’ 0.01 ‘*’ 0.05 ‘.’ 0.1 ‘ ’ 1

Estimated dispersion parameter: 0.024274
Estimated index parameter: 1.2252 

Residual deviance: 3.1502  on 167  degrees of freedom
AIC:  -203.42 

Number of Fisher Scoring iterations:  9
2021-09-03 10:50:49 INFO::Fitting model to feature number 95, leuO..ARO.3003843.
2021-09-03 10:50:50 DEBUG::Summary output

Call:
model_function(formula = formula, data = dat_sub, na.action = na.exclude)

Deviance Residuals: 
     Min        1Q    Median        3Q       Max  
-0.13738  -0.13738  -0.11985   0.00714   0.33855  
            Estimate Std. Error t value Pr(>|t|)    
(Intercept)  -6.7957     0.1733 -39.221   <2e-16 ***
siteSoweto   -0.3729     0.3483  -1.071    0.286    
---
Signif. codes:  0 ‘***’ 0.001 ‘**’ 0.01 ‘*’ 0.05 ‘.’ 0.1 ‘ ’ 1

Estimated dispersion parameter: 0.024815
Estimated index parameter: 1.2679 

Residual deviance: 3.3578  on 167  degrees of freedom
AIC:  -277.15 

Number of Fisher Scoring iterations:  9
2021-09-03 10:50:50 INFO::Fitting model to feature number 96, mfd..ARO.3003844.
2021-09-03 10:50:50 DEBUG::Summary output

Call:
model_function(formula = formula, data = dat_sub, na.action = na.exclude)

Deviance Residuals: 
     Min        1Q    Median        3Q       Max  
-0.13701  -0.13701  -0.12803  -0.00116   0.54454  
            Estimate Std. Error t value Pr(>|t|)    
(Intercept)  -6.7391     0.1952 -34.515   <2e-16 ***
siteSoweto   -0.1838     0.3730  -0.493    0.623    
---
Signif. codes:  0 ‘***’ 0.001 ‘**’ 0.01 ‘*’ 0.05 ‘.’ 0.1 ‘ ’ 1

Estimated dispersion parameter: 0.028329
Estimated index parameter: 1.2621 

Residual deviance: 3.6945  on 167  degrees of freedom
AIC:  -228.09 

Number of Fisher Scoring iterations:  9
2021-09-03 10:50:50 INFO::Fitting model to feature number 97, Escherichia.coli.GlpT.....ARO.3003889.
2021-09-03 10:50:50 DEBUG::Summary output

Call:
model_function(formula = formula, data = dat_sub, na.action = na.exclude)

Deviance Residuals: 
    Min       1Q   Median       3Q      Max  
-0.1462  -0.1462  -0.1462  -0.0715   0.5459  
            Estimate Std. Error t value Pr(>|t|)    
(Intercept)  -6.0175     0.2104 -28.603  < 2e-16 ***
siteSoweto   -1.8053     0.6874  -2.626  0.00944 ** 
---
Signif. codes:  0 ‘***’ 0.001 ‘**’ 0.01 ‘*’ 0.05 ‘.’ 0.1 ‘ ’ 1

Estimated dispersion parameter: 0.039874
Estimated index parameter: 1.2072 

Residual deviance: 3.9262  on 167  degrees of freedom
AIC:  -86.205 

Number of Fisher Scoring iterations:  9
2021-09-03 10:50:50 INFO::Fitting model to feature number 98, Escherichia.coli.UhpT.....ARO.3003890.
2021-09-03 10:50:50 DEBUG::Summary output

Call:
model_function(formula = formula, data = dat_sub, na.action = na.exclude)

Deviance Residuals: 
    Min       1Q   Median       3Q      Max  
-0.5544  -0.5012  -0.2453   0.1172   1.4232  
            Estimate Std. Error t value Pr(>|t|)    
(Intercept)  -5.0480     0.1581 -31.936   <2e-16 ***
siteSoweto   -0.3987     0.3094  -1.289    0.199    
---
Signif. codes:  0 ‘***’ 0.001 ‘**’ 0.01 ‘*’ 0.05 ‘.’ 0.1 ‘ ’ 1

Estimated dispersion parameter: 0.1664
Estimated index parameter: 1.494 

Residual deviance: 31.911  on 167  degrees of freedom
AIC:  -484.07 

Number of Fisher Scoring iterations:  7
2021-09-03 10:50:50 INFO::Fitting model to feature number 99, oqxA..ARO.3003922.
2021-09-03 10:50:50 DEBUG::Summary output

Call:
model_function(formula = formula, data = dat_sub, na.action = na.exclude)

Deviance Residuals: 
    Min       1Q   Median       3Q      Max  
-0.6043  -0.6043  -0.6043  -0.5830   1.8783  
            Estimate Std. Error t value Pr(>|t|)    
(Intercept)  -6.4843     0.3116 -20.812   <2e-16 ***
siteSoweto   -0.1779     0.5817  -0.306     0.76    
---
Signif. codes:  0 ‘***’ 0.001 ‘**’ 0.01 ‘*’ 0.05 ‘.’ 0.1 ‘ ’ 1

Estimated dispersion parameter: 0.85318
Estimated index parameter: 1.5974 

Residual deviance: 70.141  on 167  degrees of freedom
AIC:  -83.245 

Number of Fisher Scoring iterations:  8
2021-09-03 10:50:50 INFO::Fitting model to feature number 100, oqxB..ARO.3003923.
2021-09-03 10:50:50 DEBUG::Summary output

Call:
model_function(formula = formula, data = dat_sub, na.action = na.exclude)

Deviance Residuals: 
    Min       1Q   Median       3Q      Max  
-0.4130  -0.4130  -0.4130  -0.3733   1.6829  
            Estimate Std. Error t value Pr(>|t|)    
(Intercept)  -6.6565     0.3319 -20.053   <2e-16 ***
siteSoweto   -0.4216     0.6499  -0.649    0.517    
---
Signif. codes:  0 ‘***’ 0.001 ‘**’ 0.01 ‘*’ 0.05 ‘.’ 0.1 ‘ ’ 1

Estimated dispersion parameter: 0.463
Estimated index parameter: 1.5199 

Residual deviance: 34.935  on 167  degrees of freedom
AIC:  -60.439 

Number of Fisher Scoring iterations:  9
2021-09-03 10:50:50 INFO::Fitting model to feature number 101, Haemophilus.parainfluenzae.gyrA.....ARO.3003924.
2021-09-03 10:50:51 DEBUG::Summary output

Call:
model_function(formula = formula, data = dat_sub, na.action = na.exclude)

Deviance Residuals: 
    Min       1Q   Median       3Q      Max  
-0.1716  -0.1716  -0.1716  -0.1180   0.8270  
            Estimate Std. Error t value Pr(>|t|)    
(Intercept)  -7.5957     0.3130 -24.264   <2e-16 ***
siteSoweto   -1.2106     0.7598  -1.593    0.113    
---
Signif. codes:  0 ‘***’ 0.001 ‘**’ 0.01 ‘*’ 0.05 ‘.’ 0.1 ‘ ’ 1

Estimated dispersion parameter: 0.087965
Estimated index parameter: 1.3814 

Residual deviance: 6.2239  on 167  degrees of freedom
AIC:  -81.415 

Number of Fisher Scoring iterations:  10
2021-09-03 10:50:51 INFO::Fitting model to feature number 102, Haemophilus.parainfluenzae.parC.....ARO.3003925.
2021-09-03 10:50:51 DEBUG::Summary output

Call:
model_function(formula = formula, data = dat_sub, na.action = na.exclude)

Deviance Residuals: 
    Min       1Q   Median       3Q      Max  
-0.1935  -0.1935  -0.1935  -0.1679   1.1592  
            Estimate Std. Error t value Pr(>|t|)    
(Intercept)  -6.2279     0.3152 -19.760   <2e-16 ***
siteSoweto   -0.4083     0.6362  -0.642    0.522    
---
Signif. codes:  0 ‘***’ 0.001 ‘**’ 0.01 ‘*’ 0.05 ‘.’ 0.1 ‘ ’ 1

Estimated dispersion parameter: 0.12925
Estimated index parameter: 1.3033 

Residual deviance: 9.6005  on 167  degrees of freedom
AIC:  -11.593 

Number of Fisher Scoring iterations:  8
2021-09-03 10:50:51 INFO::Fitting model to feature number 103, Salmonella.enterica.gyrA.....ARO.3003926.
2021-09-03 10:50:51 DEBUG::Summary output

Call:
model_function(formula = formula, data = dat_sub, na.action = na.exclude)

Deviance Residuals: 
     Min        1Q    Median        3Q       Max  
-0.19590  -0.19590  -0.19475  -0.01655   0.51469  
            Estimate Std. Error t value Pr(>|t|)    
(Intercept)  -6.7283     0.1976  -34.06   <2e-16 ***
siteSoweto   -0.0181     0.3611   -0.05     0.96    
---
Signif. codes:  0 ‘***’ 0.001 ‘**’ 0.01 ‘*’ 0.05 ‘.’ 0.1 ‘ ’ 1

Estimated dispersion parameter: 0.058477
Estimated index parameter: 1.3487 

Residual deviance: 7.4098  on 167  degrees of freedom
AIC:  -222.48 

Number of Fisher Scoring iterations:  8
2021-09-03 10:50:51 INFO::Fitting model to feature number 104, Salmonella.enterica.parC.....ARO.3003939.
2021-09-03 10:50:51 DEBUG::Summary output

Call:
model_function(formula = formula, data = dat_sub, na.action = na.exclude)

Deviance Residuals: 
     Min        1Q    Median        3Q       Max  
-0.10004  -0.10004  -0.10004  -0.09273   0.41148  
            Estimate Std. Error t value Pr(>|t|)    
(Intercept)   -8.009      0.281 -28.499   <2e-16 ***
siteSoweto    -0.215      0.540  -0.398    0.691    
---
Signif. codes:  0 ‘***’ 0.001 ‘**’ 0.01 ‘*’ 0.05 ‘.’ 0.1 ‘ ’ 1

Estimated dispersion parameter: 0.031175
Estimated index parameter: 1.2949 

Residual deviance: 2.5435  on 167  degrees of freedom
AIC:  -111.07 

Number of Fisher Scoring iterations:  10
2021-09-03 10:50:51 INFO::Fitting model to feature number 105, msbA..ARO.3003950.
2021-09-03 10:50:51 DEBUG::Summary output

Call:
model_function(formula = formula, data = dat_sub, na.action = na.exclude)

Deviance Residuals: 
     Min        1Q    Median        3Q       Max  
-0.17241  -0.17241  -0.09621   0.02489   0.41994  
            Estimate Std. Error t value Pr(>|t|)    
(Intercept)  -5.3114     0.1527 -34.791  < 2e-16 ***
siteSoweto   -1.4092     0.4432  -3.179  0.00176 ** 
---
Signif. codes:  0 ‘***’ 0.001 ‘**’ 0.01 ‘*’ 0.05 ‘.’ 0.1 ‘ ’ 1

Estimated dispersion parameter: 0.032564
Estimated index parameter: 1.172 

Residual deviance: 4.5381  on 167  degrees of freedom
AIC:  -159.37 

Number of Fisher Scoring iterations:  8
2021-09-03 10:50:51 INFO::Fitting model to feature number 106, YojI..ARO.3003952.
2021-09-03 10:50:51 DEBUG::Summary output

Call:
model_function(formula = formula, data = dat_sub, na.action = na.exclude)

Deviance Residuals: 
     Min        1Q    Median        3Q       Max  
-0.19079  -0.19079  -0.14593   0.01394   0.49451  
            Estimate Std. Error t value Pr(>|t|)    
(Intercept)  -6.6487     0.1600 -41.556   <2e-16 ***
siteSoweto   -0.8072     0.3561  -2.267   0.0247 *  
---
Signif. codes:  0 ‘***’ 0.001 ‘**’ 0.01 ‘*’ 0.05 ‘.’ 0.1 ‘ ’ 1

Estimated dispersion parameter: 0.030862
Estimated index parameter: 1.3359 

Residual deviance: 4.925  on 167  degrees of freedom
AIC:  -442.6 

Number of Fisher Scoring iterations:  9
2021-09-03 10:50:51 INFO::Fitting model to feature number 107, Klebsiella.OmpK35.conferring.....ARO.3003966.
2021-09-03 10:50:51 DEBUG::Summary output

Call:
model_function(formula = formula, data = dat_sub, na.action = na.exclude)

Deviance Residuals: 
    Min       1Q   Median       3Q      Max  
-0.6617  -0.6617  -0.6250  -0.3414   1.9864  
            Estimate Std. Error t value Pr(>|t|)    
(Intercept)  -5.7304     0.2817 -20.343   <2e-16 ***
siteSoweto   -0.2735     0.5340  -0.512    0.609    
---
Signif. codes:  0 ‘***’ 0.001 ‘**’ 0.01 ‘*’ 0.05 ‘.’ 0.1 ‘ ’ 1

Estimated dispersion parameter: 0.6707
Estimated index parameter: 1.5825 

Residual deviance: 75.139  on 167  degrees of freedom
AIC:  -123.74 

Number of Fisher Scoring iterations:  8
2021-09-03 10:50:51 INFO::Fitting model to feature number 108, tetB.46...ARO.3004033.
2021-09-03 10:50:52 DEBUG::Summary output

Call:
model_function(formula = formula, data = dat_sub, na.action = na.exclude)

Deviance Residuals: 
    Min       1Q   Median       3Q      Max  
-0.5120  -0.3281  -0.3281  -0.3281   1.8411  
            Estimate Std. Error t value Pr(>|t|)    
(Intercept)  -9.3014     0.5299 -17.552  < 2e-16 ***
siteSoweto    2.1710     0.7400   2.934  0.00382 ** 
---
Signif. codes:  0 ‘***’ 0.001 ‘**’ 0.01 ‘*’ 0.05 ‘.’ 0.1 ‘ ’ 1

Estimated dispersion parameter: 0.60673
Estimated index parameter: 1.59 

Residual deviance: 33.053  on 167  degrees of freedom
AIC:  -85.505 

Number of Fisher Scoring iterations:  11
2021-09-03 10:50:52 INFO::Fitting model to feature number 109, Escherichia.coli.emrE..ARO.3004039.
2021-09-03 10:50:52 DEBUG::Summary output

Call:
model_function(formula = formula, data = dat_sub, na.action = na.exclude)

Deviance Residuals: 
     Min        1Q    Median        3Q       Max  
-0.11783  -0.11783  -0.11783  -0.08998   0.43493  
            Estimate Std. Error t value Pr(>|t|)    
(Intercept)  -7.1722     0.2475 -28.974   <2e-16 ***
siteSoweto   -0.7333     0.5518  -1.329    0.186    
---
Signif. codes:  0 ‘***’ 0.001 ‘**’ 0.01 ‘*’ 0.05 ‘.’ 0.1 ‘ ’ 1

Estimated dispersion parameter: 0.036479
Estimated index parameter: 1.2643 

Residual deviance: 3.1415  on 167  degrees of freedom
AIC:  -95.659 

Number of Fisher Scoring iterations:  10
2021-09-03 10:50:52 INFO::Fitting model to feature number 110, Klebsiella.pneumoniae.acrA..ARO.3004041.
2021-09-03 10:50:52 DEBUG::Summary output

Call:
model_function(formula = formula, data = dat_sub, na.action = na.exclude)

Deviance Residuals: 
    Min       1Q   Median       3Q      Max  
-0.3503  -0.3503  -0.3503  -0.3068   1.3416  
            Estimate Std. Error t value Pr(>|t|)    
(Intercept)  -7.1853     0.3129 -22.962   <2e-16 ***
siteSoweto   -0.5440     0.6272  -0.867    0.387    
---
Signif. codes:  0 ‘***’ 0.001 ‘**’ 0.01 ‘*’ 0.05 ‘.’ 0.1 ‘ ’ 1

Estimated dispersion parameter: 0.27183
Estimated index parameter: 1.5118 

Residual deviance: 23.734  on 167  degrees of freedom
AIC:  -130.96 

Number of Fisher Scoring iterations:  9
2021-09-03 10:50:52 INFO::Fitting model to feature number 111, Enterobacter.cloacae.acrA..ARO.3004042.
2021-09-03 10:50:52 DEBUG::Summary output

Call:
model_function(formula = formula, data = dat_sub, na.action = na.exclude)

Deviance Residuals: 
     Min        1Q    Median        3Q       Max  
-0.52592  -0.47476  -0.20131   0.09422   1.06947  
            Estimate Std. Error t value Pr(>|t|)    
(Intercept)  -5.2281     0.1375 -38.015   <2e-16 ***
siteSoweto   -0.4029     0.2695  -1.495    0.137    
---
Signif. codes:  0 ‘***’ 0.001 ‘**’ 0.01 ‘*’ 0.05 ‘.’ 0.1 ‘ ’ 1

Estimated dispersion parameter: 0.12555
Estimated index parameter: 1.492 

Residual deviance: 25.399  on 167  degrees of freedom
AIC:  -637.72 

Number of Fisher Scoring iterations:  7
2021-09-03 10:50:52 INFO::Fitting model to feature number 112, antibiotic.resistant.fabI..ARO.3004045.
2021-09-03 10:50:52 DEBUG::Summary output

Call:
model_function(formula = formula, data = dat_sub, na.action = na.exclude)

Deviance Residuals: 
     Min        1Q    Median        3Q       Max  
-0.20587  -0.20587  -0.17733   0.04297   0.34097  
            Estimate Std. Error t value Pr(>|t|)    
(Intercept)  -6.4462     0.1331 -48.429   <2e-16 ***
siteSoweto   -0.4510     0.2701  -1.669   0.0969 .  
---
Signif. codes:  0 ‘***’ 0.001 ‘**’ 0.01 ‘*’ 0.05 ‘.’ 0.1 ‘ ’ 1

Estimated dispersion parameter: 0.028417
Estimated index parameter: 1.3381 

Residual deviance: 5.094  on 167  degrees of freedom
AIC:  -582.34 

Number of Fisher Scoring iterations:  9
2021-09-03 10:50:52 INFO::Fitting model to feature number 113, antibiotic.resistant.fabG..ARO.3004049.
2021-09-03 10:50:52 DEBUG::Summary output

Call:
model_function(formula = formula, data = dat_sub, na.action = na.exclude)

Deviance Residuals: 
     Min        1Q    Median        3Q       Max  
-0.28883  -0.28883  -0.22224   0.02375   0.79102  
            Estimate Std. Error t value Pr(>|t|)    
(Intercept)  -5.0029     0.1765 -28.340   <2e-16 ***
siteSoweto   -0.7435     0.3911  -1.901    0.059 .  
---
Signif. codes:  0 ‘***’ 0.001 ‘**’ 0.01 ‘*’ 0.05 ‘.’ 0.1 ‘ ’ 1

Estimated dispersion parameter: 0.095413
Estimated index parameter: 1.2951 

Residual deviance: 13.401  on 167  degrees of freedom
AIC:  -122.8 

Number of Fisher Scoring iterations:  7
2021-09-03 10:50:52 INFO::Counting total values for each feature
2021-09-03 10:50:52 WARNING::Deleting existing residuals file: /Users/tamburif/southafrica/output/maaslin2/abx_CPLM_TSS/residuals.rds
2021-09-03 10:50:52 INFO::Writing residuals to file /Users/tamburif/southafrica/output/maaslin2/abx_CPLM_TSS/residuals.rds
2021-09-03 10:50:52 WARNING::Deleting existing fitted file: /Users/tamburif/southafrica/output/maaslin2/abx_CPLM_TSS/fitted.rds
2021-09-03 10:50:52 INFO::Writing fitted values to file /Users/tamburif/southafrica/output/maaslin2/abx_CPLM_TSS/fitted.rds
2021-09-03 10:50:52 INFO::Writing all results to file (ordered by increasing q-values): /Users/tamburif/southafrica/output/maaslin2/abx_CPLM_TSS/all_results.tsv
2021-09-03 10:50:52 INFO::Writing the significant results (those which are less than or equal to the threshold of 0.250000 ) to file (ordered by increasing q-values): /Users/tamburif/southafrica/output/maaslin2/abx_CPLM_TSS/significant_results.tsv
